mode: set
manga-visor/internal/modules/downloader/3hentai.go:14.60,16.2 1 1
manga-visor/internal/modules/downloader/3hentai.go:18.52,20.2 1 0
manga-visor/internal/modules/downloader/3hentai.go:22.74,25.16 3 0
manga-visor/internal/modules/downloader/3hentai.go:25.16,27.3 1 0
manga-visor/internal/modules/downloader/3hentai.go:29.2,32.16 3 0
manga-visor/internal/modules/downloader/3hentai.go:32.16,34.3 1 0
manga-visor/internal/modules/downloader/3hentai.go:35.2,37.38 2 0
manga-visor/internal/modules/downloader/3hentai.go:37.38,39.3 1 0
manga-visor/internal/modules/downloader/3hentai.go:41.2,42.16 2 0
manga-visor/internal/modules/downloader/3hentai.go:42.16,44.3 1 0
manga-visor/internal/modules/downloader/3hentai.go:45.2,51.26 5 0
manga-visor/internal/modules/downloader/3hentai.go:51.26,55.36 3 0
manga-visor/internal/modules/downloader/3hentai.go:55.36,57.4 1 0
manga-visor/internal/modules/downloader/3hentai.go:58.3,65.54 5 0
manga-visor/internal/modules/downloader/3hentai.go:69.2,71.25 3 0
manga-visor/internal/modules/downloader/3hentai.go:71.25,73.3 1 0
manga-visor/internal/modules/downloader/3hentai.go:74.2,81.24 6 0
manga-visor/internal/modules/downloader/3hentai.go:81.24,83.3 1 0
manga-visor/internal/modules/downloader/3hentai.go:86.2,89.27 4 0
manga-visor/internal/modules/downloader/3hentai.go:89.27,92.26 2 0
manga-visor/internal/modules/downloader/3hentai.go:92.26,94.4 1 0
manga-visor/internal/modules/downloader/3hentai.go:98.2,98.20 1 0
manga-visor/internal/modules/downloader/3hentai.go:98.20,103.37 4 0
manga-visor/internal/modules/downloader/3hentai.go:103.37,104.23 1 0
manga-visor/internal/modules/downloader/3hentai.go:104.23,106.5 1 0
manga-visor/internal/modules/downloader/3hentai.go:108.3,108.31 1 0
manga-visor/internal/modules/downloader/3hentai.go:111.2,111.20 1 0
manga-visor/internal/modules/downloader/3hentai.go:111.20,113.3 1 0
manga-visor/internal/modules/downloader/3hentai.go:116.2,119.23 4 0
manga-visor/internal/modules/downloader/3hentai.go:119.23,121.3 1 0
manga-visor/internal/modules/downloader/3hentai.go:123.2,124.21 2 0
manga-visor/internal/modules/downloader/3hentai.go:124.21,126.3 1 0
manga-visor/internal/modules/downloader/3hentai.go:128.2,129.33 2 0
manga-visor/internal/modules/downloader/3hentai.go:129.33,142.3 3 0
manga-visor/internal/modules/downloader/3hentai.go:144.2,150.8 1 0
manga-visor/internal/modules/downloader/clipboard.go:10.42,11.12 1 0
manga-visor/internal/modules/downloader/clipboard.go:11.12,16.7 4 0
manga-visor/internal/modules/downloader/clipboard.go:16.7,17.11 1 0
manga-visor/internal/modules/downloader/clipboard.go:18.24,19.11 1 0
manga-visor/internal/modules/downloader/clipboard.go:20.20,25.39 2 0
manga-visor/internal/modules/downloader/clipboard.go:25.39,26.14 1 0
manga-visor/internal/modules/downloader/clipboard.go:29.5,30.19 2 0
manga-visor/internal/modules/downloader/clipboard.go:30.19,31.14 1 0
manga-visor/internal/modules/downloader/clipboard.go:34.5,35.19 2 0
manga-visor/internal/modules/downloader/clipboard.go:35.19,36.14 1 0
manga-visor/internal/modules/downloader/clipboard.go:39.5,39.25 1 0
manga-visor/internal/modules/downloader/clipboard.go:39.25,43.28 2 0
manga-visor/internal/modules/downloader/clipboard.go:43.28,44.26 1 0
manga-visor/internal/modules/downloader/clipboard.go:44.26,46.8 1 0
manga-visor/internal/modules/downloader/clipboard.go:47.7,47.64 1 0
manga-visor/internal/modules/downloader/clipboard.go:55.47,56.38 1 0
manga-visor/internal/modules/downloader/clipboard.go:56.38,58.3 1 0
manga-visor/internal/modules/downloader/clipboard.go:62.2,62.45 1 0
manga-visor/internal/modules/downloader/clipboard.go:62.45,64.3 1 0
manga-visor/internal/modules/downloader/clipboard.go:65.2,65.47 1 0
manga-visor/internal/modules/downloader/clipboard.go:65.47,67.3 1 0
manga-visor/internal/modules/downloader/clipboard.go:68.2,68.43 1 0
manga-visor/internal/modules/downloader/clipboard.go:68.43,70.3 1 0
manga-visor/internal/modules/downloader/clipboard.go:71.2,71.43 1 0
manga-visor/internal/modules/downloader/clipboard.go:71.43,73.3 1 0
manga-visor/internal/modules/downloader/clipboard.go:74.2,74.47 1 0
manga-visor/internal/modules/downloader/clipboard.go:74.47,76.3 1 0
manga-visor/internal/modules/downloader/clipboard.go:77.2,77.43 1 0
manga-visor/internal/modules/downloader/clipboard.go:77.43,79.3 1 0
manga-visor/internal/modules/downloader/clipboard.go:80.2,80.43 1 0
manga-visor/internal/modules/downloader/clipboard.go:80.43,82.3 1 0
manga-visor/internal/modules/downloader/clipboard.go:83.2,83.44 1 0
manga-visor/internal/modules/downloader/clipboard.go:83.44,85.3 1 0
manga-visor/internal/modules/downloader/clipboard.go:86.2,86.45 1 0
manga-visor/internal/modules/downloader/clipboard.go:86.45,88.3 1 0
manga-visor/internal/modules/downloader/clipboard.go:89.2,89.43 1 0
manga-visor/internal/modules/downloader/clipboard.go:89.43,91.3 1 0
manga-visor/internal/modules/downloader/clipboard.go:92.2,92.43 1 0
manga-visor/internal/modules/downloader/clipboard.go:92.43,94.3 1 0
manga-visor/internal/modules/downloader/clipboard.go:95.2,95.48 1 0
manga-visor/internal/modules/downloader/clipboard.go:95.48,97.3 1 0
manga-visor/internal/modules/downloader/clipboard.go:99.2,119.35 2 0
manga-visor/internal/modules/downloader/clipboard.go:119.35,120.37 1 0
manga-visor/internal/modules/downloader/clipboard.go:120.37,122.4 1 0
manga-visor/internal/modules/downloader/clipboard.go:124.2,124.14 1 0
manga-visor/internal/modules/downloader/comicporn.go:16.58,18.2 1 1
manga-visor/internal/modules/downloader/comicporn.go:20.50,22.2 1 0
manga-visor/internal/modules/downloader/comicporn.go:24.72,26.37 1 0
manga-visor/internal/modules/downloader/comicporn.go:26.37,30.21 3 0
manga-visor/internal/modules/downloader/comicporn.go:30.21,32.4 1 0
manga-visor/internal/modules/downloader/comicporn.go:35.2,37.16 3 0
manga-visor/internal/modules/downloader/comicporn.go:37.16,39.3 1 0
manga-visor/internal/modules/downloader/comicporn.go:41.2,44.16 3 0
manga-visor/internal/modules/downloader/comicporn.go:44.16,46.3 1 0
manga-visor/internal/modules/downloader/comicporn.go:47.2,49.38 2 0
manga-visor/internal/modules/downloader/comicporn.go:49.38,51.3 1 0
manga-visor/internal/modules/downloader/comicporn.go:53.2,54.16 2 0
manga-visor/internal/modules/downloader/comicporn.go:54.16,56.3 1 0
manga-visor/internal/modules/downloader/comicporn.go:57.2,65.65 6 0
manga-visor/internal/modules/downloader/comicporn.go:65.65,67.3 1 0
manga-visor/internal/modules/downloader/comicporn.go:69.2,75.25 5 0
manga-visor/internal/modules/downloader/comicporn.go:75.25,77.3 1 0
manga-visor/internal/modules/downloader/comicporn.go:80.2,82.23 3 0
manga-visor/internal/modules/downloader/comicporn.go:82.23,84.3 1 0
manga-visor/internal/modules/downloader/comicporn.go:86.2,87.70 2 0
manga-visor/internal/modules/downloader/comicporn.go:87.70,89.3 1 0
manga-visor/internal/modules/downloader/comicporn.go:91.2,92.35 2 0
manga-visor/internal/modules/downloader/comicporn.go:92.35,95.10 3 0
manga-visor/internal/modules/downloader/comicporn.go:95.10,96.12 1 0
manga-visor/internal/modules/downloader/comicporn.go:100.3,102.21 3 0
manga-visor/internal/modules/downloader/comicporn.go:102.21,104.4 1 0
manga-visor/internal/modules/downloader/comicporn.go:106.3,107.23 2 0
manga-visor/internal/modules/downloader/comicporn.go:107.23,109.4 1 0
manga-visor/internal/modules/downloader/comicporn.go:109.9,109.30 1 0
manga-visor/internal/modules/downloader/comicporn.go:109.30,111.4 1 0
manga-visor/internal/modules/downloader/comicporn.go:111.9,111.30 1 0
manga-visor/internal/modules/downloader/comicporn.go:111.30,113.4 1 0
manga-visor/internal/modules/downloader/comicporn.go:115.3,119.5 2 0
manga-visor/internal/modules/downloader/comicporn.go:122.2,125.8 1 0
manga-visor/internal/modules/downloader/comicporn.go:128.68,131.20 3 0
manga-visor/internal/modules/downloader/comicporn.go:131.20,133.3 1 0
manga-visor/internal/modules/downloader/comicporn.go:134.2,134.11 1 0
manga-visor/internal/modules/downloader/comics18.go:17.57,19.2 1 1
manga-visor/internal/modules/downloader/comics18.go:21.49,23.2 1 1
manga-visor/internal/modules/downloader/comics18.go:25.71,30.20 3 1
manga-visor/internal/modules/downloader/comics18.go:30.20,32.3 1 0
manga-visor/internal/modules/downloader/comics18.go:33.2,38.16 4 1
manga-visor/internal/modules/downloader/comics18.go:38.16,40.3 1 0
manga-visor/internal/modules/downloader/comics18.go:41.2,45.16 4 1
manga-visor/internal/modules/downloader/comics18.go:45.16,47.3 1 0
manga-visor/internal/modules/downloader/comics18.go:48.2,50.38 2 1
manga-visor/internal/modules/downloader/comics18.go:50.38,52.3 1 0
manga-visor/internal/modules/downloader/comics18.go:55.2,56.16 2 1
manga-visor/internal/modules/downloader/comics18.go:56.16,58.3 1 0
manga-visor/internal/modules/downloader/comics18.go:61.2,67.35 6 1
manga-visor/internal/modules/downloader/comics18.go:67.35,68.33 1 1
manga-visor/internal/modules/downloader/comics18.go:68.33,70.55 1 1
manga-visor/internal/modules/downloader/comics18.go:70.55,73.58 2 1
manga-visor/internal/modules/downloader/comics18.go:73.58,75.29 2 0
manga-visor/internal/modules/downloader/comics18.go:75.29,77.7 1 0
manga-visor/internal/modules/downloader/comics18.go:78.11,78.65 1 1
manga-visor/internal/modules/downloader/comics18.go:78.65,80.29 2 0
manga-visor/internal/modules/downloader/comics18.go:80.29,82.7 1 0
manga-visor/internal/modules/downloader/comics18.go:87.4,87.30 1 1
manga-visor/internal/modules/downloader/comics18.go:87.30,88.33 1 1
manga-visor/internal/modules/downloader/comics18.go:88.33,89.84 1 1
manga-visor/internal/modules/downloader/comics18.go:89.84,92.42 2 1
manga-visor/internal/modules/downloader/comics18.go:92.42,94.8 1 0
manga-visor/internal/modules/downloader/comics18.go:94.13,94.48 1 1
manga-visor/internal/modules/downloader/comics18.go:94.48,96.8 1 0
manga-visor/internal/modules/downloader/comics18.go:100.7,101.82 2 1
manga-visor/internal/modules/downloader/comics18.go:101.82,103.61 2 1
manga-visor/internal/modules/downloader/comics18.go:103.61,104.28 1 1
manga-visor/internal/modules/downloader/comics18.go:104.28,106.10 1 1
manga-visor/internal/modules/downloader/comics18.go:108.8,108.45 1 1
manga-visor/internal/modules/downloader/comics18.go:115.4,115.33 1 1
manga-visor/internal/modules/downloader/comics18.go:115.33,117.56 2 1
manga-visor/internal/modules/downloader/comics18.go:117.56,118.33 1 1
manga-visor/internal/modules/downloader/comics18.go:118.33,120.7 1 1
manga-visor/internal/modules/downloader/comics18.go:122.5,127.35 4 1
manga-visor/internal/modules/downloader/comics18.go:127.35,128.25 1 0
manga-visor/internal/modules/downloader/comics18.go:128.25,129.27 1 0
manga-visor/internal/modules/downloader/comics18.go:129.27,131.8 1 0
manga-visor/internal/modules/downloader/comics18.go:132.7,132.57 1 0
manga-visor/internal/modules/downloader/comics18.go:132.57,133.27 1 0
manga-visor/internal/modules/downloader/comics18.go:133.27,135.9 1 0
manga-visor/internal/modules/downloader/comics18.go:138.7,139.45 2 0
manga-visor/internal/modules/downloader/comics18.go:146.3,146.54 1 1
manga-visor/internal/modules/downloader/comics18.go:146.54,148.4 1 1
manga-visor/internal/modules/downloader/comics18.go:151.2,154.22 2 1
manga-visor/internal/modules/downloader/comics18.go:154.22,157.29 1 0
manga-visor/internal/modules/downloader/comics18.go:157.29,163.58 6 0
manga-visor/internal/modules/downloader/comics18.go:163.58,166.10 3 0
manga-visor/internal/modules/downloader/comics18.go:168.4,168.23 1 0
manga-visor/internal/modules/downloader/comics18.go:168.23,170.5 1 0
manga-visor/internal/modules/downloader/comics18.go:174.2,174.22 1 1
manga-visor/internal/modules/downloader/comics18.go:174.22,176.3 1 0
manga-visor/internal/modules/downloader/comics18.go:179.2,180.21 2 1
manga-visor/internal/modules/downloader/comics18.go:180.21,183.3 1 0
manga-visor/internal/modules/downloader/comics18.go:185.2,185.21 1 1
manga-visor/internal/modules/downloader/comics18.go:185.21,187.3 1 0
manga-visor/internal/modules/downloader/comics18.go:190.2,191.24 2 1
manga-visor/internal/modules/downloader/comics18.go:191.24,193.76 2 1
manga-visor/internal/modules/downloader/comics18.go:193.76,195.4 1 1
manga-visor/internal/modules/downloader/comics18.go:199.2,200.22 2 1
manga-visor/internal/modules/downloader/comics18.go:200.22,202.20 1 0
manga-visor/internal/modules/downloader/comics18.go:202.20,205.4 2 0
manga-visor/internal/modules/downloader/comics18.go:205.9,207.4 1 0
manga-visor/internal/modules/downloader/comics18.go:211.2,212.35 2 1
manga-visor/internal/modules/downloader/comics18.go:212.35,223.3 2 1
manga-visor/internal/modules/downloader/comics18.go:225.2,231.8 1 1
manga-visor/internal/modules/downloader/comics18.go:235.80,243.33 3 0
manga-visor/internal/modules/downloader/comics18.go:243.33,245.29 2 0
manga-visor/internal/modules/downloader/comics18.go:245.29,249.18 3 0
manga-visor/internal/modules/downloader/comics18.go:249.18,250.13 1 0
manga-visor/internal/modules/downloader/comics18.go:252.4,256.18 4 0
manga-visor/internal/modules/downloader/comics18.go:256.18,257.22 1 0
manga-visor/internal/modules/downloader/comics18.go:257.22,259.6 1 0
manga-visor/internal/modules/downloader/comics18.go:260.5,260.10 1 0
manga-visor/internal/modules/downloader/comics18.go:263.4,266.46 3 0
manga-visor/internal/modules/downloader/comics18.go:266.46,268.5 1 0
manga-visor/internal/modules/downloader/comics18.go:268.10,268.32 1 0
manga-visor/internal/modules/downloader/comics18.go:268.32,269.22 1 0
manga-visor/internal/modules/downloader/comics18.go:269.22,271.6 1 0
manga-visor/internal/modules/downloader/comics18.go:272.5,272.10 1 0
manga-visor/internal/modules/downloader/comics18.go:276.3,276.20 1 0
manga-visor/internal/modules/downloader/comics18.go:276.20,278.4 1 0
manga-visor/internal/modules/downloader/comics18.go:281.2,281.10 1 0
manga-visor/internal/modules/downloader/ehentai.go:15.56,19.2 1 1
manga-visor/internal/modules/downloader/ehentai.go:21.61,26.34 1 0
manga-visor/internal/modules/downloader/ehentai.go:26.34,31.3 3 0
manga-visor/internal/modules/downloader/ehentai.go:32.2,32.12 1 0
manga-visor/internal/modules/downloader/ehentai.go:35.48,37.2 1 0
manga-visor/internal/modules/downloader/ehentai.go:39.70,45.34 2 0
manga-visor/internal/modules/downloader/ehentai.go:45.34,47.17 2 0
manga-visor/internal/modules/downloader/ehentai.go:47.17,49.4 1 0
manga-visor/internal/modules/downloader/ehentai.go:50.3,50.19 1 0
manga-visor/internal/modules/downloader/ehentai.go:54.2,57.41 2 0
manga-visor/internal/modules/downloader/ehentai.go:57.41,60.3 2 0
manga-visor/internal/modules/downloader/ehentai.go:63.2,63.41 1 0
manga-visor/internal/modules/downloader/ehentai.go:63.41,65.3 1 0
manga-visor/internal/modules/downloader/ehentai.go:70.2,78.16 6 0
manga-visor/internal/modules/downloader/ehentai.go:78.16,80.3 1 0
manga-visor/internal/modules/downloader/ehentai.go:81.2,84.16 3 0
manga-visor/internal/modules/downloader/ehentai.go:84.16,86.3 1 0
manga-visor/internal/modules/downloader/ehentai.go:88.2,90.16 3 0
manga-visor/internal/modules/downloader/ehentai.go:90.16,92.3 1 0
manga-visor/internal/modules/downloader/ehentai.go:93.2,97.72 3 0
manga-visor/internal/modules/downloader/ehentai.go:97.72,99.3 1 0
manga-visor/internal/modules/downloader/ehentai.go:102.2,102.111 1 0
manga-visor/internal/modules/downloader/ehentai.go:102.111,120.3 1 0
manga-visor/internal/modules/downloader/ehentai.go:123.2,123.45 1 0
manga-visor/internal/modules/downloader/ehentai.go:123.45,126.3 2 0
manga-visor/internal/modules/downloader/ehentai.go:128.2,132.6 4 0
manga-visor/internal/modules/downloader/ehentai.go:132.6,136.25 3 0
manga-visor/internal/modules/downloader/ehentai.go:136.25,137.9 1 0
manga-visor/internal/modules/downloader/ehentai.go:140.3,141.42 2 0
manga-visor/internal/modules/downloader/ehentai.go:141.42,142.52 1 0
manga-visor/internal/modules/downloader/ehentai.go:142.52,144.5 1 0
manga-visor/internal/modules/downloader/ehentai.go:144.10,146.5 1 0
manga-visor/internal/modules/downloader/ehentai.go:148.3,150.35 2 0
manga-visor/internal/modules/downloader/ehentai.go:150.35,151.9 1 0
manga-visor/internal/modules/downloader/ehentai.go:153.3,159.17 4 0
manga-visor/internal/modules/downloader/ehentai.go:159.17,161.4 1 0
manga-visor/internal/modules/downloader/ehentai.go:162.3,165.17 3 0
manga-visor/internal/modules/downloader/ehentai.go:165.17,166.9 1 0
manga-visor/internal/modules/downloader/ehentai.go:169.3,171.17 3 0
manga-visor/internal/modules/downloader/ehentai.go:171.17,172.9 1 0
manga-visor/internal/modules/downloader/ehentai.go:174.3,177.30 3 0
manga-visor/internal/modules/downloader/ehentai.go:177.30,178.9 1 0
manga-visor/internal/modules/downloader/ehentai.go:182.2,182.29 1 0
manga-visor/internal/modules/downloader/ehentai.go:182.29,184.3 1 0
manga-visor/internal/modules/downloader/ehentai.go:188.2,189.40 2 0
manga-visor/internal/modules/downloader/ehentai.go:189.40,191.12 1 0
manga-visor/internal/modules/downloader/ehentai.go:191.12,193.4 1 0
manga-visor/internal/modules/downloader/ehentai.go:195.3,196.17 2 0
manga-visor/internal/modules/downloader/ehentai.go:196.17,199.12 1 0
manga-visor/internal/modules/downloader/ehentai.go:203.3,204.39 2 0
manga-visor/internal/modules/downloader/ehentai.go:204.39,206.4 1 0
manga-visor/internal/modules/downloader/ehentai.go:206.9,206.46 1 0
manga-visor/internal/modules/downloader/ehentai.go:206.46,208.4 1 0
manga-visor/internal/modules/downloader/ehentai.go:210.3,218.5 1 0
manga-visor/internal/modules/downloader/ehentai.go:221.2,221.22 1 0
manga-visor/internal/modules/downloader/ehentai.go:221.22,223.3 1 0
manga-visor/internal/modules/downloader/ehentai.go:225.2,231.8 1 0
manga-visor/internal/modules/downloader/ehentai.go:234.119,239.20 3 0
manga-visor/internal/modules/downloader/ehentai.go:239.20,241.3 1 0
manga-visor/internal/modules/downloader/ehentai.go:243.2,251.16 6 0
manga-visor/internal/modules/downloader/ehentai.go:251.16,253.3 1 0
manga-visor/internal/modules/downloader/ehentai.go:254.2,265.55 4 0
manga-visor/internal/modules/downloader/ehentai.go:265.55,268.66 2 0
manga-visor/internal/modules/downloader/ehentai.go:268.66,270.4 1 0
manga-visor/internal/modules/downloader/ehentai.go:275.2,275.60 1 0
manga-visor/internal/modules/downloader/ehentai.go:278.107,280.16 2 0
manga-visor/internal/modules/downloader/ehentai.go:280.16,282.3 1 0
manga-visor/internal/modules/downloader/ehentai.go:283.2,286.16 3 0
manga-visor/internal/modules/downloader/ehentai.go:286.16,288.3 1 0
manga-visor/internal/modules/downloader/ehentai.go:289.2,291.38 2 0
manga-visor/internal/modules/downloader/ehentai.go:291.38,293.3 1 0
manga-visor/internal/modules/downloader/ehentai.go:295.2,296.16 2 0
manga-visor/internal/modules/downloader/ehentai.go:296.16,298.3 1 0
manga-visor/internal/modules/downloader/ehentai.go:299.2,305.20 4 0
manga-visor/internal/modules/downloader/ehentai.go:305.20,307.3 1 0
manga-visor/internal/modules/downloader/ehentai.go:309.2,309.68 1 0
manga-visor/internal/modules/downloader/ehentai.go:312.96,314.16 2 0
manga-visor/internal/modules/downloader/ehentai.go:314.16,316.3 1 0
manga-visor/internal/modules/downloader/ehentai.go:317.2,320.16 3 0
manga-visor/internal/modules/downloader/ehentai.go:320.16,322.3 1 0
manga-visor/internal/modules/downloader/ehentai.go:323.2,325.38 2 0
manga-visor/internal/modules/downloader/ehentai.go:325.38,327.3 1 0
manga-visor/internal/modules/downloader/ehentai.go:329.2,330.16 2 0
manga-visor/internal/modules/downloader/ehentai.go:330.16,332.3 1 0
manga-visor/internal/modules/downloader/ehentai.go:333.2,338.20 4 0
manga-visor/internal/modules/downloader/ehentai.go:338.20,346.3 2 0
manga-visor/internal/modules/downloader/ehentai.go:349.2,349.53 1 0
manga-visor/internal/modules/downloader/ehentai.go:349.53,351.3 1 0
manga-visor/internal/modules/downloader/ehentai.go:353.2,353.55 1 0
manga-visor/internal/modules/downloader/hentai2read.go:15.60,17.2 1 1
manga-visor/internal/modules/downloader/hentai2read.go:19.52,21.2 1 1
manga-visor/internal/modules/downloader/hentai2read.go:23.74,34.14 4 1
manga-visor/internal/modules/downloader/hentai2read.go:34.14,36.3 1 1
manga-visor/internal/modules/downloader/hentai2read.go:38.2,38.37 1 0
manga-visor/internal/modules/downloader/hentai2read.go:41.84,44.16 3 1
manga-visor/internal/modules/downloader/hentai2read.go:44.16,46.3 1 0
manga-visor/internal/modules/downloader/hentai2read.go:48.2,51.16 3 1
manga-visor/internal/modules/downloader/hentai2read.go:51.16,53.3 1 0
manga-visor/internal/modules/downloader/hentai2read.go:54.2,56.38 2 1
manga-visor/internal/modules/downloader/hentai2read.go:56.38,58.3 1 0
manga-visor/internal/modules/downloader/hentai2read.go:60.2,61.16 2 1
manga-visor/internal/modules/downloader/hentai2read.go:61.16,63.3 1 0
manga-visor/internal/modules/downloader/hentai2read.go:64.2,79.26 8 1
manga-visor/internal/modules/downloader/hentai2read.go:79.26,81.3 1 0
manga-visor/internal/modules/downloader/hentai2read.go:84.2,89.31 5 1
manga-visor/internal/modules/downloader/hentai2read.go:89.31,97.26 2 1
manga-visor/internal/modules/downloader/hentai2read.go:97.26,99.56 2 1
manga-visor/internal/modules/downloader/hentai2read.go:99.56,101.5 1 1
manga-visor/internal/modules/downloader/hentai2read.go:106.2,106.19 1 1
manga-visor/internal/modules/downloader/hentai2read.go:106.19,108.3 1 0
manga-visor/internal/modules/downloader/hentai2read.go:111.2,116.26 5 1
manga-visor/internal/modules/downloader/hentai2read.go:116.26,121.21 3 1
manga-visor/internal/modules/downloader/hentai2read.go:121.21,124.57 2 1
manga-visor/internal/modules/downloader/hentai2read.go:124.57,126.5 1 1
manga-visor/internal/modules/downloader/hentai2read.go:128.3,128.21 1 1
manga-visor/internal/modules/downloader/hentai2read.go:128.21,131.63 2 1
manga-visor/internal/modules/downloader/hentai2read.go:131.63,133.5 1 0
manga-visor/internal/modules/downloader/hentai2read.go:137.2,138.34 2 1
manga-visor/internal/modules/downloader/hentai2read.go:138.34,148.3 1 1
manga-visor/internal/modules/downloader/hentai2read.go:150.2,157.8 1 1
manga-visor/internal/modules/downloader/hentai2read.go:160.86,163.16 3 0
manga-visor/internal/modules/downloader/hentai2read.go:163.16,165.3 1 0
manga-visor/internal/modules/downloader/hentai2read.go:167.2,170.16 3 0
manga-visor/internal/modules/downloader/hentai2read.go:170.16,172.3 1 0
manga-visor/internal/modules/downloader/hentai2read.go:173.2,175.38 2 0
manga-visor/internal/modules/downloader/hentai2read.go:175.38,177.3 1 0
manga-visor/internal/modules/downloader/hentai2read.go:179.2,180.16 2 0
manga-visor/internal/modules/downloader/hentai2read.go:180.16,182.3 1 0
manga-visor/internal/modules/downloader/hentai2read.go:183.2,189.26 5 0
manga-visor/internal/modules/downloader/hentai2read.go:189.26,194.3 3 0
manga-visor/internal/modules/downloader/hentai2read.go:199.2,203.28 4 0
manga-visor/internal/modules/downloader/hentai2read.go:203.28,205.45 2 0
manga-visor/internal/modules/downloader/hentai2read.go:205.45,207.4 1 0
manga-visor/internal/modules/downloader/hentai2read.go:210.3,218.5 4 0
manga-visor/internal/modules/downloader/hentai2read.go:222.2,222.44 1 0
manga-visor/internal/modules/downloader/hentai2read.go:222.44,225.3 2 0
manga-visor/internal/modules/downloader/hentai2read.go:227.2,232.8 1 0
manga-visor/internal/modules/downloader/hentaiera.go:15.58,17.2 1 1
manga-visor/internal/modules/downloader/hentaiera.go:19.50,21.2 1 1
manga-visor/internal/modules/downloader/hentaiera.go:23.72,24.77 1 1
manga-visor/internal/modules/downloader/hentaiera.go:24.77,26.3 1 0
manga-visor/internal/modules/downloader/hentaiera.go:28.2,29.16 2 1
manga-visor/internal/modules/downloader/hentaiera.go:29.16,31.3 1 0
manga-visor/internal/modules/downloader/hentaiera.go:34.2,39.47 4 1
manga-visor/internal/modules/downloader/hentaiera.go:39.47,41.3 1 0
manga-visor/internal/modules/downloader/hentaiera.go:44.2,47.25 4 1
manga-visor/internal/modules/downloader/hentaiera.go:47.25,49.3 1 1
manga-visor/internal/modules/downloader/hentaiera.go:52.2,54.23 3 1
manga-visor/internal/modules/downloader/hentaiera.go:54.23,56.3 1 0
manga-visor/internal/modules/downloader/hentaiera.go:58.2,59.70 2 1
manga-visor/internal/modules/downloader/hentaiera.go:59.70,61.3 1 0
manga-visor/internal/modules/downloader/hentaiera.go:63.2,66.37 2 1
manga-visor/internal/modules/downloader/hentaiera.go:66.37,69.10 3 1
manga-visor/internal/modules/downloader/hentaiera.go:69.10,70.12 1 0
manga-visor/internal/modules/downloader/hentaiera.go:74.3,77.23 4 1
manga-visor/internal/modules/downloader/hentaiera.go:77.23,79.4 1 0
manga-visor/internal/modules/downloader/hentaiera.go:79.9,79.30 1 1
manga-visor/internal/modules/downloader/hentaiera.go:79.30,81.4 1 0
manga-visor/internal/modules/downloader/hentaiera.go:81.9,81.30 1 1
manga-visor/internal/modules/downloader/hentaiera.go:81.30,83.4 1 0
manga-visor/internal/modules/downloader/hentaiera.go:85.3,94.5 2 1
manga-visor/internal/modules/downloader/hentaiera.go:97.2,103.8 1 1
manga-visor/internal/modules/downloader/hentaiera.go:106.76,108.16 2 0
manga-visor/internal/modules/downloader/hentaiera.go:108.16,110.3 1 0
manga-visor/internal/modules/downloader/hentaiera.go:113.2,116.25 4 0
manga-visor/internal/modules/downloader/hentaiera.go:116.25,119.3 2 0
manga-visor/internal/modules/downloader/hentaiera.go:123.2,127.28 4 0
manga-visor/internal/modules/downloader/hentaiera.go:127.28,131.45 3 0
manga-visor/internal/modules/downloader/hentaiera.go:131.45,133.4 1 0
manga-visor/internal/modules/downloader/hentaiera.go:136.3,139.23 4 0
manga-visor/internal/modules/downloader/hentaiera.go:139.23,141.4 1 0
manga-visor/internal/modules/downloader/hentaiera.go:143.3,147.5 1 0
manga-visor/internal/modules/downloader/hentaiera.go:150.2,150.24 1 0
manga-visor/internal/modules/downloader/hentaiera.go:150.24,152.3 1 0
manga-visor/internal/modules/downloader/hentaiera.go:154.2,159.8 1 0
manga-visor/internal/modules/downloader/hentaiera.go:162.69,165.110 1 1
manga-visor/internal/modules/downloader/hentaiera.go:165.110,166.66 1 0
manga-visor/internal/modules/downloader/hentaiera.go:166.66,168.4 1 0
manga-visor/internal/modules/downloader/hentaiera.go:171.2,173.16 3 1
manga-visor/internal/modules/downloader/hentaiera.go:173.16,175.3 1 0
manga-visor/internal/modules/downloader/hentaiera.go:177.2,180.16 3 1
manga-visor/internal/modules/downloader/hentaiera.go:180.16,182.3 1 0
manga-visor/internal/modules/downloader/hentaiera.go:183.2,185.38 2 1
manga-visor/internal/modules/downloader/hentaiera.go:185.38,187.3 1 0
manga-visor/internal/modules/downloader/hentaiera.go:189.2,190.16 2 1
manga-visor/internal/modules/downloader/hentaiera.go:190.16,192.3 1 0
manga-visor/internal/modules/downloader/hentaiera.go:193.2,193.31 1 1
manga-visor/internal/modules/downloader/hentaiera.go:196.68,199.20 3 1
manga-visor/internal/modules/downloader/hentaiera.go:199.20,201.3 1 1
manga-visor/internal/modules/downloader/hentaiera.go:202.2,202.11 1 0
manga-visor/internal/modules/downloader/hentaifc.go:15.57,17.2 1 1
manga-visor/internal/modules/downloader/hentaifc.go:19.49,21.2 1 0
manga-visor/internal/modules/downloader/hentaifc.go:23.71,29.32 2 0
manga-visor/internal/modules/downloader/hentaifc.go:29.32,31.3 1 0
manga-visor/internal/modules/downloader/hentaifc.go:33.2,34.29 2 0
manga-visor/internal/modules/downloader/hentaifc.go:34.29,36.3 1 0
manga-visor/internal/modules/downloader/hentaifc.go:38.2,38.25 1 0
manga-visor/internal/modules/downloader/hentaifc.go:41.69,51.36 6 0
manga-visor/internal/modules/downloader/hentaifc.go:51.36,53.17 2 0
manga-visor/internal/modules/downloader/hentaifc.go:53.17,55.4 1 0
manga-visor/internal/modules/downloader/hentaifc.go:56.3,59.17 3 0
manga-visor/internal/modules/downloader/hentaifc.go:59.17,60.17 1 0
manga-visor/internal/modules/downloader/hentaifc.go:60.17,62.5 1 0
manga-visor/internal/modules/downloader/hentaifc.go:63.4,63.9 1 0
manga-visor/internal/modules/downloader/hentaifc.go:65.3,67.39 2 0
manga-visor/internal/modules/downloader/hentaifc.go:67.39,68.17 1 0
manga-visor/internal/modules/downloader/hentaifc.go:68.17,70.5 1 0
manga-visor/internal/modules/downloader/hentaifc.go:71.4,71.9 1 0
manga-visor/internal/modules/downloader/hentaifc.go:74.3,75.17 2 0
manga-visor/internal/modules/downloader/hentaifc.go:75.17,76.9 1 0
manga-visor/internal/modules/downloader/hentaifc.go:78.3,81.16 2 0
manga-visor/internal/modules/downloader/hentaifc.go:81.16,84.68 2 0
manga-visor/internal/modules/downloader/hentaifc.go:84.68,86.5 1 0
manga-visor/internal/modules/downloader/hentaifc.go:86.10,89.74 2 0
manga-visor/internal/modules/downloader/hentaifc.go:89.74,91.6 1 0
manga-visor/internal/modules/downloader/hentaifc.go:97.3,100.33 3 0
manga-visor/internal/modules/downloader/hentaifc.go:100.33,105.18 4 0
manga-visor/internal/modules/downloader/hentaifc.go:105.18,106.13 1 0
manga-visor/internal/modules/downloader/hentaifc.go:108.4,114.6 2 0
manga-visor/internal/modules/downloader/hentaifc.go:119.3,121.25 3 0
manga-visor/internal/modules/downloader/hentaifc.go:121.25,122.9 1 0
manga-visor/internal/modules/downloader/hentaifc.go:124.3,125.49 2 0
manga-visor/internal/modules/downloader/hentaifc.go:125.49,127.4 1 0
manga-visor/internal/modules/downloader/hentaifc.go:130.2,130.27 1 0
manga-visor/internal/modules/downloader/hentaifc.go:130.27,132.3 1 0
manga-visor/internal/modules/downloader/hentaifc.go:134.2,139.8 1 0
manga-visor/internal/modules/downloader/hentaifc.go:142.72,145.16 3 0
manga-visor/internal/modules/downloader/hentaifc.go:145.16,147.3 1 0
manga-visor/internal/modules/downloader/hentaifc.go:149.2,152.16 3 0
manga-visor/internal/modules/downloader/hentaifc.go:152.16,154.3 1 0
manga-visor/internal/modules/downloader/hentaifc.go:155.2,157.38 2 0
manga-visor/internal/modules/downloader/hentaifc.go:157.38,159.3 1 0
manga-visor/internal/modules/downloader/hentaifc.go:161.2,162.16 2 0
manga-visor/internal/modules/downloader/hentaifc.go:162.16,164.3 1 0
manga-visor/internal/modules/downloader/hentaifc.go:165.2,171.25 5 0
manga-visor/internal/modules/downloader/hentaifc.go:171.25,173.3 1 0
manga-visor/internal/modules/downloader/hentaifc.go:173.8,177.34 3 0
manga-visor/internal/modules/downloader/hentaifc.go:177.34,179.4 1 0
manga-visor/internal/modules/downloader/hentaifc.go:182.2,185.27 4 0
manga-visor/internal/modules/downloader/hentaifc.go:185.27,187.3 1 0
manga-visor/internal/modules/downloader/hentaifc.go:191.2,193.24 3 0
manga-visor/internal/modules/downloader/hentaifc.go:193.24,195.3 1 0
manga-visor/internal/modules/downloader/hentaifc.go:197.2,203.39 5 0
manga-visor/internal/modules/downloader/hentaifc.go:203.39,205.16 2 0
manga-visor/internal/modules/downloader/hentaifc.go:205.16,206.12 1 0
manga-visor/internal/modules/downloader/hentaifc.go:209.3,210.23 2 0
manga-visor/internal/modules/downloader/hentaifc.go:210.23,211.12 1 0
manga-visor/internal/modules/downloader/hentaifc.go:215.3,215.42 1 0
manga-visor/internal/modules/downloader/hentaifc.go:215.42,217.4 1 0
manga-visor/internal/modules/downloader/hentaifc.go:219.3,220.43 2 0
manga-visor/internal/modules/downloader/hentaifc.go:220.43,222.4 1 0
manga-visor/internal/modules/downloader/hentaifc.go:222.9,222.51 1 0
manga-visor/internal/modules/downloader/hentaifc.go:222.51,224.4 1 0
manga-visor/internal/modules/downloader/hentaifc.go:226.3,234.5 1 0
manga-visor/internal/modules/downloader/hentaifc.go:237.2,237.22 1 0
manga-visor/internal/modules/downloader/hentaifc.go:237.22,239.3 1 0
manga-visor/internal/modules/downloader/hentaifc.go:241.2,247.8 1 0
manga-visor/internal/modules/downloader/hentaifc.go:250.71,253.16 3 0
manga-visor/internal/modules/downloader/hentaifc.go:253.16,255.3 1 0
manga-visor/internal/modules/downloader/hentaifc.go:257.2,260.16 3 0
manga-visor/internal/modules/downloader/hentaifc.go:260.16,262.3 1 0
manga-visor/internal/modules/downloader/hentaifc.go:263.2,265.38 2 0
manga-visor/internal/modules/downloader/hentaifc.go:265.38,267.3 1 0
manga-visor/internal/modules/downloader/hentaifc.go:269.2,270.16 2 0
manga-visor/internal/modules/downloader/hentaifc.go:270.16,272.3 1 0
manga-visor/internal/modules/downloader/hentaifc.go:273.2,279.25 5 0
manga-visor/internal/modules/downloader/hentaifc.go:279.25,281.3 1 0
manga-visor/internal/modules/downloader/hentaifc.go:285.2,291.32 5 0
manga-visor/internal/modules/downloader/hentaifc.go:291.32,295.23 3 0
manga-visor/internal/modules/downloader/hentaifc.go:295.23,296.12 1 0
manga-visor/internal/modules/downloader/hentaifc.go:298.3,304.5 2 0
manga-visor/internal/modules/downloader/hentaifc.go:308.2,308.24 1 0
manga-visor/internal/modules/downloader/hentaifc.go:308.24,310.3 1 0
manga-visor/internal/modules/downloader/hentaifc.go:312.2,317.8 1 0
manga-visor/internal/modules/downloader/hentaifc.go:320.59,323.26 3 0
manga-visor/internal/modules/downloader/hentaifc.go:323.26,324.14 1 0
manga-visor/internal/modules/downloader/hentaifc.go:324.14,325.12 1 0
manga-visor/internal/modules/downloader/hentaifc.go:327.3,328.17 2 0
manga-visor/internal/modules/downloader/hentaifc.go:328.17,330.4 1 0
manga-visor/internal/modules/downloader/hentaifc.go:332.2,332.19 1 0
manga-visor/internal/modules/downloader/hentaiforce.go:15.60,19.2 1 1
manga-visor/internal/modules/downloader/hentaiforce.go:21.52,23.2 1 1
manga-visor/internal/modules/downloader/hentaiforce.go:25.74,26.38 1 0
manga-visor/internal/modules/downloader/hentaiforce.go:26.38,28.3 1 0
manga-visor/internal/modules/downloader/hentaiforce.go:30.2,31.16 2 0
manga-visor/internal/modules/downloader/hentaiforce.go:31.16,33.3 1 0
manga-visor/internal/modules/downloader/hentaiforce.go:36.2,39.25 4 0
manga-visor/internal/modules/downloader/hentaiforce.go:39.25,41.3 1 0
manga-visor/internal/modules/downloader/hentaiforce.go:41.8,44.34 3 0
manga-visor/internal/modules/downloader/hentaiforce.go:44.34,48.4 3 0
manga-visor/internal/modules/downloader/hentaiforce.go:54.2,57.20 3 0
manga-visor/internal/modules/downloader/hentaiforce.go:57.20,59.3 1 0
manga-visor/internal/modules/downloader/hentaiforce.go:61.2,69.25 6 0
manga-visor/internal/modules/downloader/hentaiforce.go:69.25,71.3 1 0
manga-visor/internal/modules/downloader/hentaiforce.go:74.2,74.20 1 0
manga-visor/internal/modules/downloader/hentaiforce.go:74.20,78.29 4 0
manga-visor/internal/modules/downloader/hentaiforce.go:78.29,80.19 2 0
manga-visor/internal/modules/downloader/hentaiforce.go:80.19,82.5 1 0
manga-visor/internal/modules/downloader/hentaiforce.go:84.3,84.22 1 0
manga-visor/internal/modules/downloader/hentaiforce.go:87.2,87.20 1 0
manga-visor/internal/modules/downloader/hentaiforce.go:87.20,89.3 1 0
manga-visor/internal/modules/downloader/hentaiforce.go:91.2,92.34 2 0
manga-visor/internal/modules/downloader/hentaiforce.go:92.34,105.3 2 0
manga-visor/internal/modules/downloader/hentaiforce.go:107.2,113.8 1 0
manga-visor/internal/modules/downloader/hentaiforce.go:116.78,118.16 2 0
manga-visor/internal/modules/downloader/hentaiforce.go:118.16,120.3 1 0
manga-visor/internal/modules/downloader/hentaiforce.go:123.2,126.25 4 0
manga-visor/internal/modules/downloader/hentaiforce.go:126.25,130.3 3 0
manga-visor/internal/modules/downloader/hentaiforce.go:134.2,138.28 4 0
manga-visor/internal/modules/downloader/hentaiforce.go:138.28,145.23 6 0
manga-visor/internal/modules/downloader/hentaiforce.go:145.23,147.4 1 0
manga-visor/internal/modules/downloader/hentaiforce.go:149.3,153.5 1 0
manga-visor/internal/modules/downloader/hentaiforce.go:156.2,156.24 1 0
manga-visor/internal/modules/downloader/hentaiforce.go:156.24,158.3 1 0
manga-visor/internal/modules/downloader/hentaiforce.go:160.2,165.8 1 0
manga-visor/internal/modules/downloader/hentaiforce.go:168.71,171.16 3 0
manga-visor/internal/modules/downloader/hentaiforce.go:171.16,173.3 1 0
manga-visor/internal/modules/downloader/hentaiforce.go:175.2,178.16 3 0
manga-visor/internal/modules/downloader/hentaiforce.go:178.16,180.3 1 0
manga-visor/internal/modules/downloader/hentaiforce.go:181.2,183.38 2 0
manga-visor/internal/modules/downloader/hentaiforce.go:183.38,185.3 1 0
manga-visor/internal/modules/downloader/hentaiforce.go:187.2,188.16 2 0
manga-visor/internal/modules/downloader/hentaiforce.go:188.16,190.3 1 0
manga-visor/internal/modules/downloader/hentaiforce.go:191.2,191.31 1 0
manga-visor/internal/modules/downloader/hentairead.go:17.59,19.2 1 1
manga-visor/internal/modules/downloader/hentairead.go:21.51,23.2 1 1
manga-visor/internal/modules/downloader/hentairead.go:25.73,30.47 2 0
manga-visor/internal/modules/downloader/hentairead.go:30.47,32.3 1 0
manga-visor/internal/modules/downloader/hentairead.go:34.2,34.37 1 0
manga-visor/internal/modules/downloader/hentairead.go:37.84,40.16 3 0
manga-visor/internal/modules/downloader/hentairead.go:40.16,42.3 1 0
manga-visor/internal/modules/downloader/hentairead.go:44.2,48.16 4 0
manga-visor/internal/modules/downloader/hentairead.go:48.16,50.3 1 0
manga-visor/internal/modules/downloader/hentairead.go:51.2,53.38 2 0
manga-visor/internal/modules/downloader/hentairead.go:53.38,55.3 1 0
manga-visor/internal/modules/downloader/hentairead.go:57.2,58.16 2 0
manga-visor/internal/modules/downloader/hentairead.go:58.16,60.3 1 0
manga-visor/internal/modules/downloader/hentairead.go:61.2,68.26 6 0
manga-visor/internal/modules/downloader/hentairead.go:68.26,72.21 3 0
manga-visor/internal/modules/downloader/hentairead.go:72.21,75.26 3 0
manga-visor/internal/modules/downloader/hentairead.go:75.26,77.5 1 0
manga-visor/internal/modules/downloader/hentairead.go:77.10,79.5 1 0
manga-visor/internal/modules/downloader/hentairead.go:83.2,89.28 4 0
manga-visor/internal/modules/downloader/hentairead.go:89.28,90.35 1 0
manga-visor/internal/modules/downloader/hentairead.go:90.35,92.4 1 0
manga-visor/internal/modules/downloader/hentairead.go:93.8,97.26 3 0
manga-visor/internal/modules/downloader/hentairead.go:97.26,99.4 1 0
manga-visor/internal/modules/downloader/hentairead.go:100.3,104.21 3 0
manga-visor/internal/modules/downloader/hentairead.go:104.21,106.4 1 0
manga-visor/internal/modules/downloader/hentairead.go:108.3,112.30 4 0
manga-visor/internal/modules/downloader/hentairead.go:113.10,114.22 1 0
manga-visor/internal/modules/downloader/hentairead.go:115.10,116.21 1 0
manga-visor/internal/modules/downloader/hentairead.go:119.3,120.17 2 0
manga-visor/internal/modules/downloader/hentairead.go:120.17,122.4 1 0
manga-visor/internal/modules/downloader/hentairead.go:124.3,127.64 2 0
manga-visor/internal/modules/downloader/hentairead.go:127.64,129.4 1 0
manga-visor/internal/modules/downloader/hentairead.go:132.3,133.17 2 0
manga-visor/internal/modules/downloader/hentairead.go:133.17,135.4 1 0
manga-visor/internal/modules/downloader/hentairead.go:137.3,137.64 1 0
manga-visor/internal/modules/downloader/hentairead.go:137.64,139.4 1 0
manga-visor/internal/modules/downloader/hentairead.go:144.2,147.34 3 0
manga-visor/internal/modules/downloader/hentairead.go:147.34,149.42 2 0
manga-visor/internal/modules/downloader/hentairead.go:149.42,151.4 1 0
manga-visor/internal/modules/downloader/hentairead.go:154.3,155.37 2 0
manga-visor/internal/modules/downloader/hentairead.go:155.37,157.4 1 0
manga-visor/internal/modules/downloader/hentairead.go:157.9,157.45 1 0
manga-visor/internal/modules/downloader/hentairead.go:157.45,159.4 1 0
manga-visor/internal/modules/downloader/hentairead.go:161.3,169.5 1 0
manga-visor/internal/modules/downloader/hentairead.go:172.2,179.8 1 0
manga-visor/internal/modules/downloader/hentairead.go:182.85,185.16 3 0
manga-visor/internal/modules/downloader/hentairead.go:185.16,187.3 1 0
manga-visor/internal/modules/downloader/hentairead.go:189.2,193.16 4 0
manga-visor/internal/modules/downloader/hentairead.go:193.16,195.3 1 0
manga-visor/internal/modules/downloader/hentairead.go:196.2,198.38 2 0
manga-visor/internal/modules/downloader/hentairead.go:198.38,200.3 1 0
manga-visor/internal/modules/downloader/hentairead.go:202.2,203.16 2 0
manga-visor/internal/modules/downloader/hentairead.go:203.16,205.3 1 0
manga-visor/internal/modules/downloader/hentairead.go:206.2,212.26 5 0
manga-visor/internal/modules/downloader/hentairead.go:212.26,216.3 2 0
manga-visor/internal/modules/downloader/hentairead.go:220.2,226.28 5 0
manga-visor/internal/modules/downloader/hentairead.go:226.28,230.45 2 0
manga-visor/internal/modules/downloader/hentairead.go:230.45,231.42 1 0
manga-visor/internal/modules/downloader/hentairead.go:231.42,233.5 1 0
manga-visor/internal/modules/downloader/hentairead.go:233.10,235.5 1 0
manga-visor/internal/modules/downloader/hentairead.go:238.3,238.27 1 0
manga-visor/internal/modules/downloader/hentairead.go:238.27,239.12 1 0
manga-visor/internal/modules/downloader/hentairead.go:241.3,257.5 8 0
manga-visor/internal/modules/downloader/hentairead.go:261.2,261.57 1 0
manga-visor/internal/modules/downloader/hentairead.go:261.57,263.3 1 0
manga-visor/internal/modules/downloader/hentairead.go:265.2,270.8 1 0
manga-visor/internal/modules/downloader/hentaivox.go:25.58,27.2 1 1
manga-visor/internal/modules/downloader/hentaivox.go:29.50,31.2 1 0
manga-visor/internal/modules/downloader/hentaivox.go:33.72,34.110 1 0
manga-visor/internal/modules/downloader/hentaivox.go:34.110,36.3 1 0
manga-visor/internal/modules/downloader/hentaivox.go:38.2,39.16 2 0
manga-visor/internal/modules/downloader/hentaivox.go:39.16,41.3 1 0
manga-visor/internal/modules/downloader/hentaivox.go:44.2,44.50 1 0
manga-visor/internal/modules/downloader/hentaivox.go:44.50,46.3 1 0
manga-visor/internal/modules/downloader/hentaivox.go:49.2,51.45 1 0
manga-visor/internal/modules/downloader/hentaivox.go:51.45,54.61 1 0
manga-visor/internal/modules/downloader/hentaivox.go:54.61,57.42 2 0
manga-visor/internal/modules/downloader/hentaivox.go:57.42,59.5 1 0
manga-visor/internal/modules/downloader/hentaivox.go:60.4,63.18 3 0
manga-visor/internal/modules/downloader/hentaivox.go:63.18,64.56 1 0
manga-visor/internal/modules/downloader/hentaivox.go:64.56,66.6 1 0
manga-visor/internal/modules/downloader/hentaivox.go:68.5,68.52 1 0
manga-visor/internal/modules/downloader/hentaivox.go:68.52,70.6 1 0
manga-visor/internal/modules/downloader/hentaivox.go:76.2,80.47 4 0
manga-visor/internal/modules/downloader/hentaivox.go:80.47,85.26 4 0
manga-visor/internal/modules/downloader/hentaivox.go:85.26,87.4 1 0
manga-visor/internal/modules/downloader/hentaivox.go:90.3,92.25 3 0
manga-visor/internal/modules/downloader/hentaivox.go:92.25,94.72 2 0
manga-visor/internal/modules/downloader/hentaivox.go:94.72,96.40 2 0
manga-visor/internal/modules/downloader/hentaivox.go:96.40,99.13 3 0
manga-visor/internal/modules/downloader/hentaivox.go:99.13,100.15 1 0
manga-visor/internal/modules/downloader/hentaivox.go:103.6,106.26 4 0
manga-visor/internal/modules/downloader/hentaivox.go:106.26,108.7 1 0
manga-visor/internal/modules/downloader/hentaivox.go:108.12,108.33 1 0
manga-visor/internal/modules/downloader/hentaivox.go:108.33,110.7 1 0
manga-visor/internal/modules/downloader/hentaivox.go:110.12,110.33 1 0
manga-visor/internal/modules/downloader/hentaivox.go:110.33,112.7 1 0
manga-visor/internal/modules/downloader/hentaivox.go:114.6,123.8 2 0
manga-visor/internal/modules/downloader/hentaivox.go:126.5,132.11 1 0
manga-visor/internal/modules/downloader/hentaivox.go:137.2,137.64 1 0
manga-visor/internal/modules/downloader/hentaivox.go:140.88,143.26 3 0
manga-visor/internal/modules/downloader/hentaivox.go:143.26,145.3 1 0
manga-visor/internal/modules/downloader/hentaivox.go:147.2,148.16 2 0
manga-visor/internal/modules/downloader/hentaivox.go:148.16,150.3 1 0
manga-visor/internal/modules/downloader/hentaivox.go:152.2,153.55 2 0
manga-visor/internal/modules/downloader/hentaivox.go:153.55,155.3 1 0
manga-visor/internal/modules/downloader/hentaivox.go:158.2,164.38 6 0
manga-visor/internal/modules/downloader/hentaivox.go:164.38,167.10 3 0
manga-visor/internal/modules/downloader/hentaivox.go:167.10,168.12 1 0
manga-visor/internal/modules/downloader/hentaivox.go:173.3,177.59 3 0
manga-visor/internal/modules/downloader/hentaivox.go:177.59,179.4 1 0
manga-visor/internal/modules/downloader/hentaivox.go:181.3,189.5 1 0
manga-visor/internal/modules/downloader/hentaivox.go:192.2,198.8 1 0
manga-visor/internal/modules/downloader/hentaivox.go:201.76,203.16 2 0
manga-visor/internal/modules/downloader/hentaivox.go:203.16,205.3 1 0
manga-visor/internal/modules/downloader/hentaivox.go:208.2,211.25 4 0
manga-visor/internal/modules/downloader/hentaivox.go:211.25,215.3 3 0
manga-visor/internal/modules/downloader/hentaivox.go:218.2,222.28 4 0
manga-visor/internal/modules/downloader/hentaivox.go:222.28,226.45 3 0
manga-visor/internal/modules/downloader/hentaivox.go:226.45,228.4 1 0
manga-visor/internal/modules/downloader/hentaivox.go:231.3,234.23 4 0
manga-visor/internal/modules/downloader/hentaivox.go:234.23,236.4 1 0
manga-visor/internal/modules/downloader/hentaivox.go:238.3,242.5 1 0
manga-visor/internal/modules/downloader/hentaivox.go:245.2,245.24 1 0
manga-visor/internal/modules/downloader/hentaivox.go:245.24,247.3 1 0
manga-visor/internal/modules/downloader/hentaivox.go:249.2,254.8 1 0
manga-visor/internal/modules/downloader/hentaivox.go:257.69,259.110 1 0
manga-visor/internal/modules/downloader/hentaivox.go:259.110,260.66 1 0
manga-visor/internal/modules/downloader/hentaivox.go:260.66,262.4 1 0
manga-visor/internal/modules/downloader/hentaivox.go:265.2,267.16 3 0
manga-visor/internal/modules/downloader/hentaivox.go:267.16,269.3 1 0
manga-visor/internal/modules/downloader/hentaivox.go:271.2,274.16 3 0
manga-visor/internal/modules/downloader/hentaivox.go:274.16,276.3 1 0
manga-visor/internal/modules/downloader/hentaivox.go:277.2,279.38 2 0
manga-visor/internal/modules/downloader/hentaivox.go:279.38,281.3 1 0
manga-visor/internal/modules/downloader/hentaivox.go:283.2,284.16 2 0
manga-visor/internal/modules/downloader/hentaivox.go:284.16,286.3 1 0
manga-visor/internal/modules/downloader/hentaivox.go:287.2,287.31 1 0
manga-visor/internal/modules/downloader/hentaivox.go:290.68,293.20 3 0
manga-visor/internal/modules/downloader/hentaivox.go:293.20,295.3 1 0
manga-visor/internal/modules/downloader/hentaivox.go:296.2,296.11 1 0
manga-visor/internal/modules/downloader/hitomi.go:31.28,32.31 1 0
manga-visor/internal/modules/downloader/hitomi.go:32.31,34.3 1 0
manga-visor/internal/modules/downloader/hitomi.go:35.2,35.20 1 0
manga-visor/internal/modules/downloader/hitomi.go:38.55,40.2 1 1
manga-visor/internal/modules/downloader/hitomi.go:42.47,44.2 1 1
manga-visor/internal/modules/downloader/hitomi.go:46.63,54.16 5 1
manga-visor/internal/modules/downloader/hitomi.go:54.16,56.3 1 0
manga-visor/internal/modules/downloader/hitomi.go:57.2,68.23 8 1
manga-visor/internal/modules/downloader/hitomi.go:68.23,71.3 2 1
manga-visor/internal/modules/downloader/hitomi.go:71.8,74.74 2 0
manga-visor/internal/modules/downloader/hitomi.go:74.74,77.4 2 0
manga-visor/internal/modules/downloader/hitomi.go:77.9,79.4 1 0
manga-visor/internal/modules/downloader/hitomi.go:83.2,88.16 5 1
manga-visor/internal/modules/downloader/hitomi.go:88.16,90.3 1 0
manga-visor/internal/modules/downloader/hitomi.go:91.2,102.68 9 1
manga-visor/internal/modules/downloader/hitomi.go:102.68,104.3 1 1
manga-visor/internal/modules/downloader/hitomi.go:106.2,106.64 1 1
manga-visor/internal/modules/downloader/hitomi.go:106.64,109.27 3 1
manga-visor/internal/modules/downloader/hitomi.go:109.27,112.4 2 1
manga-visor/internal/modules/downloader/hitomi.go:115.2,115.64 1 1
manga-visor/internal/modules/downloader/hitomi.go:115.64,117.3 1 1
manga-visor/internal/modules/downloader/hitomi.go:119.2,121.12 3 1
manga-visor/internal/modules/downloader/hitomi.go:135.50,137.14 2 0
manga-visor/internal/modules/downloader/hitomi.go:138.18,139.14 1 0
manga-visor/internal/modules/downloader/hitomi.go:140.17,141.14 1 0
manga-visor/internal/modules/downloader/hitomi.go:142.17,143.14 1 0
manga-visor/internal/modules/downloader/hitomi.go:144.17,145.14 1 0
manga-visor/internal/modules/downloader/hitomi.go:146.16,147.14 1 0
manga-visor/internal/modules/downloader/hitomi.go:148.16,149.14 1 0
manga-visor/internal/modules/downloader/hitomi.go:150.16,151.14 1 0
manga-visor/internal/modules/downloader/hitomi.go:152.17,153.14 1 0
manga-visor/internal/modules/downloader/hitomi.go:154.20,155.14 1 0
manga-visor/internal/modules/downloader/hitomi.go:156.17,157.14 1 0
manga-visor/internal/modules/downloader/hitomi.go:158.20,159.14 1 0
manga-visor/internal/modules/downloader/hitomi.go:160.20,161.14 1 0
manga-visor/internal/modules/downloader/hitomi.go:162.16,163.14 1 0
manga-visor/internal/modules/downloader/hitomi.go:164.19,165.14 1 0
manga-visor/internal/modules/downloader/hitomi.go:166.17,167.14 1 0
manga-visor/internal/modules/downloader/hitomi.go:168.10,169.14 1 0
manga-visor/internal/modules/downloader/hitomi.go:173.69,174.221 1 1
manga-visor/internal/modules/downloader/hitomi.go:174.221,177.43 2 0
manga-visor/internal/modules/downloader/hitomi.go:177.43,179.4 1 0
manga-visor/internal/modules/downloader/hitomi.go:182.3,182.30 1 0
manga-visor/internal/modules/downloader/hitomi.go:185.2,185.42 1 1
manga-visor/internal/modules/downloader/hitomi.go:185.42,187.3 1 0
manga-visor/internal/modules/downloader/hitomi.go:189.2,189.17 1 1
manga-visor/internal/modules/downloader/hitomi.go:189.17,190.42 1 1
manga-visor/internal/modules/downloader/hitomi.go:190.42,192.4 1 0
manga-visor/internal/modules/downloader/hitomi.go:196.2,198.22 3 1
manga-visor/internal/modules/downloader/hitomi.go:198.22,200.3 1 0
manga-visor/internal/modules/downloader/hitomi.go:201.2,205.16 3 1
manga-visor/internal/modules/downloader/hitomi.go:205.16,207.3 1 1
manga-visor/internal/modules/downloader/hitomi.go:209.2,210.34 2 0
manga-visor/internal/modules/downloader/hitomi.go:210.34,218.21 4 0
manga-visor/internal/modules/downloader/hitomi.go:218.21,229.4 7 0
manga-visor/internal/modules/downloader/hitomi.go:233.3,250.4 5 0
manga-visor/internal/modules/downloader/hitomi.go:253.2,260.8 2 0
manga-visor/internal/modules/downloader/hitomi.go:263.78,266.16 2 0
manga-visor/internal/modules/downloader/hitomi.go:266.16,268.3 1 0
manga-visor/internal/modules/downloader/hitomi.go:283.2,284.26 2 0
manga-visor/internal/modules/downloader/hitomi.go:284.26,286.3 1 0
manga-visor/internal/modules/downloader/hitomi.go:288.2,297.29 5 0
manga-visor/internal/modules/downloader/hitomi.go:297.29,298.34 1 0
manga-visor/internal/modules/downloader/hitomi.go:298.34,303.15 4 0
manga-visor/internal/modules/downloader/hitomi.go:304.18,306.15 2 0
manga-visor/internal/modules/downloader/hitomi.go:307.18,309.15 2 0
manga-visor/internal/modules/downloader/hitomi.go:310.17,312.15 2 0
manga-visor/internal/modules/downloader/hitomi.go:313.21,315.15 2 0
manga-visor/internal/modules/downloader/hitomi.go:316.15,318.15 2 0
manga-visor/internal/modules/downloader/hitomi.go:319.20,320.19 1 0
manga-visor/internal/modules/downloader/hitomi.go:322.10,325.4 0 0
manga-visor/internal/modules/downloader/hitomi.go:328.2,328.34 1 0
manga-visor/internal/modules/downloader/hitomi.go:328.34,330.3 1 0
manga-visor/internal/modules/downloader/hitomi.go:336.2,337.23 2 0
manga-visor/internal/modules/downloader/hitomi.go:337.23,339.3 1 0
manga-visor/internal/modules/downloader/hitomi.go:343.2,351.42 5 0
manga-visor/internal/modules/downloader/hitomi.go:351.42,353.3 1 0
manga-visor/internal/modules/downloader/hitomi.go:354.2,354.35 1 0
manga-visor/internal/modules/downloader/hitomi.go:357.87,359.23 1 1
manga-visor/internal/modules/downloader/hitomi.go:359.23,364.3 1 0
manga-visor/internal/modules/downloader/hitomi.go:366.2,375.16 7 1
manga-visor/internal/modules/downloader/hitomi.go:375.16,377.3 1 0
manga-visor/internal/modules/downloader/hitomi.go:378.2,380.28 2 1
manga-visor/internal/modules/downloader/hitomi.go:380.28,382.3 1 1
manga-visor/internal/modules/downloader/hitomi.go:384.2,390.66 5 0
manga-visor/internal/modules/downloader/hitomi.go:390.66,392.3 1 0
manga-visor/internal/modules/downloader/hitomi.go:393.2,393.22 1 0
manga-visor/internal/modules/downloader/hitomi.go:396.76,407.20 6 0
manga-visor/internal/modules/downloader/hitomi.go:407.20,411.60 3 0
manga-visor/internal/modules/downloader/hitomi.go:411.60,413.4 1 0
manga-visor/internal/modules/downloader/hitomi.go:416.3,416.38 1 0
manga-visor/internal/modules/downloader/hitomi.go:416.38,418.4 1 0
manga-visor/internal/modules/downloader/hitomi.go:418.9,421.31 2 0
manga-visor/internal/modules/downloader/hitomi.go:421.31,422.38 1 0
manga-visor/internal/modules/downloader/hitomi.go:422.38,426.11 4 0
manga-visor/internal/modules/downloader/hitomi.go:431.3,433.20 3 0
manga-visor/internal/modules/downloader/hitomi.go:436.2,439.6 3 0
manga-visor/internal/modules/downloader/hitomi.go:439.6,442.33 2 0
manga-visor/internal/modules/downloader/hitomi.go:442.33,444.4 1 0
manga-visor/internal/modules/downloader/hitomi.go:444.9,446.4 1 0
manga-visor/internal/modules/downloader/hitomi.go:448.3,452.17 4 0
manga-visor/internal/modules/downloader/hitomi.go:452.17,454.4 1 0
manga-visor/internal/modules/downloader/hitomi.go:455.3,457.29 2 0
manga-visor/internal/modules/downloader/hitomi.go:457.29,458.9 1 0
manga-visor/internal/modules/downloader/hitomi.go:461.3,479.37 4 0
manga-visor/internal/modules/downloader/hitomi.go:479.37,483.31 3 0
manga-visor/internal/modules/downloader/hitomi.go:483.31,485.5 1 0
manga-visor/internal/modules/downloader/hitomi.go:487.4,487.36 1 0
manga-visor/internal/modules/downloader/hitomi.go:487.36,491.35 3 0
manga-visor/internal/modules/downloader/hitomi.go:491.35,492.20 1 0
manga-visor/internal/modules/downloader/hitomi.go:492.20,494.12 2 0
manga-visor/internal/modules/downloader/hitomi.go:497.5,497.16 1 0
manga-visor/internal/modules/downloader/hitomi.go:497.16,503.6 1 0
manga-visor/internal/modules/downloader/hitomi.go:505.9,505.30 1 0
manga-visor/internal/modules/downloader/hitomi.go:505.30,506.30 1 0
manga-visor/internal/modules/downloader/hitomi.go:506.30,513.28 5 0
manga-visor/internal/modules/downloader/hitomi.go:513.28,515.6 1 0
manga-visor/internal/modules/downloader/hitomi.go:515.11,519.6 2 0
manga-visor/internal/modules/downloader/hitomi.go:520.5,521.20 2 0
manga-visor/internal/modules/downloader/hitomi.go:521.20,523.6 1 0
manga-visor/internal/modules/downloader/hitomi.go:526.5,527.35 2 0
manga-visor/internal/modules/downloader/hitomi.go:527.35,528.20 1 0
manga-visor/internal/modules/downloader/hitomi.go:528.20,530.12 2 0
manga-visor/internal/modules/downloader/hitomi.go:533.5,533.16 1 0
manga-visor/internal/modules/downloader/hitomi.go:533.16,539.6 1 0
manga-visor/internal/modules/downloader/hitomi.go:541.9,543.9 1 0
manga-visor/internal/modules/downloader/hitomi.go:547.3,547.16 1 0
manga-visor/internal/modules/downloader/hitomi.go:547.16,548.9 1 0
manga-visor/internal/modules/downloader/hitomi.go:550.3,550.9 1 0
manga-visor/internal/modules/downloader/hitomi.go:553.2,558.8 1 0
manga-visor/internal/modules/downloader/hitomi.go:561.73,566.20 2 0
manga-visor/internal/modules/downloader/hitomi.go:566.20,568.3 1 0
manga-visor/internal/modules/downloader/hitomi.go:574.2,576.39 2 0
manga-visor/internal/modules/downloader/hitomi.go:576.39,578.3 1 0
manga-visor/internal/modules/downloader/hitomi.go:578.8,578.46 1 0
manga-visor/internal/modules/downloader/hitomi.go:578.46,580.3 1 0
manga-visor/internal/modules/downloader/hitomi.go:580.8,580.43 1 0
manga-visor/internal/modules/downloader/hitomi.go:580.43,582.3 1 0
manga-visor/internal/modules/downloader/hitomi.go:582.8,582.49 1 0
manga-visor/internal/modules/downloader/hitomi.go:582.49,584.3 1 0
manga-visor/internal/modules/downloader/hitomi.go:584.8,584.45 1 0
manga-visor/internal/modules/downloader/hitomi.go:584.45,586.3 1 0
manga-visor/internal/modules/downloader/hitomi.go:586.8,588.3 1 0
manga-visor/internal/modules/downloader/hitomi.go:591.2,591.29 1 0
manga-visor/internal/modules/downloader/hitomi.go:591.29,592.43 1 0
manga-visor/internal/modules/downloader/hitomi.go:592.43,594.9 2 0
manga-visor/internal/modules/downloader/hitomi.go:598.2,600.59 2 0
manga-visor/internal/modules/downloader/hitomi.go:600.59,602.3 1 0
manga-visor/internal/modules/downloader/hitomi.go:603.2,603.16 1 0
manga-visor/internal/modules/downloader/hitomi.go:603.16,605.3 1 0
manga-visor/internal/modules/downloader/hitomi.go:610.2,618.16 7 0
manga-visor/internal/modules/downloader/hitomi.go:618.16,620.3 1 0
manga-visor/internal/modules/downloader/hitomi.go:621.2,623.28 2 0
manga-visor/internal/modules/downloader/hitomi.go:623.28,625.3 1 0
manga-visor/internal/modules/downloader/hitomi.go:627.2,628.16 2 0
manga-visor/internal/modules/downloader/hitomi.go:628.16,630.3 1 0
manga-visor/internal/modules/downloader/hitomi.go:633.2,633.22 1 0
manga-visor/internal/modules/downloader/hitomi.go:633.23,635.3 0 0
manga-visor/internal/modules/downloader/hitomi.go:637.2,648.29 5 0
manga-visor/internal/modules/downloader/hitomi.go:648.29,649.63 1 0
manga-visor/internal/modules/downloader/hitomi.go:649.63,650.9 1 0
manga-visor/internal/modules/downloader/hitomi.go:653.3,659.5 2 0
manga-visor/internal/modules/downloader/hitomi.go:664.2,665.27 2 0
manga-visor/internal/modules/downloader/hitomi.go:665.27,667.3 1 0
manga-visor/internal/modules/downloader/hitomi.go:669.2,669.15 1 0
manga-visor/internal/modules/downloader/hitomi.go:669.15,676.30 4 0
manga-visor/internal/modules/downloader/hitomi.go:676.30,678.21 2 0
manga-visor/internal/modules/downloader/hitomi.go:678.21,682.18 3 0
manga-visor/internal/modules/downloader/hitomi.go:682.18,682.33 1 0
manga-visor/internal/modules/downloader/hitomi.go:684.5,686.19 3 0
manga-visor/internal/modules/downloader/hitomi.go:686.19,689.29 2 0
manga-visor/internal/modules/downloader/hitomi.go:689.29,691.7 1 0
manga-visor/internal/modules/downloader/hitomi.go:696.3,696.12 1 0
manga-visor/internal/modules/downloader/hitomi.go:699.2,703.42 3 0
manga-visor/internal/modules/downloader/hitomi.go:703.42,705.3 1 0
manga-visor/internal/modules/downloader/hitomi.go:705.8,707.30 2 0
manga-visor/internal/modules/downloader/hitomi.go:707.30,708.46 1 0
manga-visor/internal/modules/downloader/hitomi.go:708.46,711.10 3 0
manga-visor/internal/modules/downloader/hitomi.go:716.2,721.8 1 0
manga-visor/internal/modules/downloader/imhentai.go:15.57,17.2 1 1
manga-visor/internal/modules/downloader/imhentai.go:19.62,21.47 1 0
manga-visor/internal/modules/downloader/imhentai.go:21.47,23.3 1 0
manga-visor/internal/modules/downloader/imhentai.go:27.2,27.37 1 0
manga-visor/internal/modules/downloader/imhentai.go:27.37,30.21 3 0
manga-visor/internal/modules/downloader/imhentai.go:30.21,32.4 1 0
manga-visor/internal/modules/downloader/imhentai.go:36.2,36.72 1 0
manga-visor/internal/modules/downloader/imhentai.go:36.72,38.3 1 0
manga-visor/internal/modules/downloader/imhentai.go:40.2,40.12 1 0
manga-visor/internal/modules/downloader/imhentai.go:43.49,45.2 1 0
manga-visor/internal/modules/downloader/imhentai.go:47.71,50.41 2 0
manga-visor/internal/modules/downloader/imhentai.go:50.41,52.3 1 0
manga-visor/internal/modules/downloader/imhentai.go:54.2,56.16 3 0
manga-visor/internal/modules/downloader/imhentai.go:56.16,58.3 1 0
manga-visor/internal/modules/downloader/imhentai.go:60.2,63.16 3 0
manga-visor/internal/modules/downloader/imhentai.go:63.16,65.3 1 0
manga-visor/internal/modules/downloader/imhentai.go:66.2,68.38 2 0
manga-visor/internal/modules/downloader/imhentai.go:68.38,70.3 1 0
manga-visor/internal/modules/downloader/imhentai.go:72.2,73.16 2 0
manga-visor/internal/modules/downloader/imhentai.go:73.16,75.3 1 0
manga-visor/internal/modules/downloader/imhentai.go:76.2,84.47 6 0
manga-visor/internal/modules/downloader/imhentai.go:84.47,86.3 1 0
manga-visor/internal/modules/downloader/imhentai.go:88.2,88.17 1 0
manga-visor/internal/modules/downloader/imhentai.go:88.17,90.3 1 0
manga-visor/internal/modules/downloader/imhentai.go:93.2,95.23 3 0
manga-visor/internal/modules/downloader/imhentai.go:95.23,97.3 1 0
manga-visor/internal/modules/downloader/imhentai.go:99.2,100.70 2 0
manga-visor/internal/modules/downloader/imhentai.go:100.70,102.3 1 0
manga-visor/internal/modules/downloader/imhentai.go:104.2,105.37 2 0
manga-visor/internal/modules/downloader/imhentai.go:105.37,108.10 3 0
manga-visor/internal/modules/downloader/imhentai.go:108.10,109.12 1 0
manga-visor/internal/modules/downloader/imhentai.go:113.3,116.23 4 0
manga-visor/internal/modules/downloader/imhentai.go:116.23,118.4 1 0
manga-visor/internal/modules/downloader/imhentai.go:118.9,118.30 1 0
manga-visor/internal/modules/downloader/imhentai.go:118.30,120.4 1 0
manga-visor/internal/modules/downloader/imhentai.go:120.9,120.30 1 0
manga-visor/internal/modules/downloader/imhentai.go:120.30,122.4 1 0
manga-visor/internal/modules/downloader/imhentai.go:122.9,122.30 1 0
manga-visor/internal/modules/downloader/imhentai.go:122.30,124.4 1 0
manga-visor/internal/modules/downloader/imhentai.go:126.3,134.5 2 0
manga-visor/internal/modules/downloader/imhentai.go:137.2,142.8 1 0
manga-visor/internal/modules/downloader/imhentai.go:145.67,148.20 3 0
manga-visor/internal/modules/downloader/imhentai.go:148.20,150.3 1 0
manga-visor/internal/modules/downloader/imhentai.go:151.2,151.11 1 0
manga-visor/internal/modules/downloader/imhentai_to.go:13.59,15.2 1 1
manga-visor/internal/modules/downloader/imhentai_to.go:17.64,19.47 1 0
manga-visor/internal/modules/downloader/imhentai_to.go:19.47,21.3 1 0
manga-visor/internal/modules/downloader/imhentai_to.go:25.2,25.37 1 0
manga-visor/internal/modules/downloader/imhentai_to.go:25.37,28.21 3 0
manga-visor/internal/modules/downloader/imhentai_to.go:28.21,30.4 1 0
manga-visor/internal/modules/downloader/imhentai_to.go:35.2,35.34 1 0
manga-visor/internal/modules/downloader/imhentai_to.go:35.34,38.21 3 0
manga-visor/internal/modules/downloader/imhentai_to.go:38.21,40.4 1 0
manga-visor/internal/modules/downloader/imhentai_to.go:44.2,44.66 1 0
manga-visor/internal/modules/downloader/imhentai_to.go:44.66,46.3 1 0
manga-visor/internal/modules/downloader/imhentai_to.go:48.2,48.12 1 0
manga-visor/internal/modules/downloader/imhentai_to.go:51.51,53.2 1 1
manga-visor/internal/modules/downloader/imhentai_to.go:55.73,58.35 2 0
manga-visor/internal/modules/downloader/imhentai_to.go:58.35,60.3 1 0
manga-visor/internal/modules/downloader/imhentai_to.go:62.2,64.16 3 0
manga-visor/internal/modules/downloader/imhentai_to.go:64.16,66.3 1 0
manga-visor/internal/modules/downloader/imhentai_to.go:68.2,71.16 3 0
manga-visor/internal/modules/downloader/imhentai_to.go:71.16,73.3 1 0
manga-visor/internal/modules/downloader/imhentai_to.go:74.2,76.38 2 0
manga-visor/internal/modules/downloader/imhentai_to.go:76.38,78.3 1 0
manga-visor/internal/modules/downloader/imhentai_to.go:80.2,81.16 2 0
manga-visor/internal/modules/downloader/imhentai_to.go:81.16,83.3 1 0
manga-visor/internal/modules/downloader/imhentai_to.go:84.2,90.25 5 0
manga-visor/internal/modules/downloader/imhentai_to.go:90.25,92.3 1 0
manga-visor/internal/modules/downloader/imhentai_to.go:96.2,98.25 3 0
manga-visor/internal/modules/downloader/imhentai_to.go:98.25,100.3 1 0
manga-visor/internal/modules/downloader/imhentai_to.go:101.2,106.25 4 0
manga-visor/internal/modules/downloader/imhentai_to.go:106.25,108.3 1 0
manga-visor/internal/modules/downloader/imhentai_to.go:110.2,113.21 3 0
manga-visor/internal/modules/downloader/imhentai_to.go:113.21,115.3 1 0
manga-visor/internal/modules/downloader/imhentai_to.go:119.2,120.35 2 0
manga-visor/internal/modules/downloader/imhentai_to.go:120.35,130.3 2 0
manga-visor/internal/modules/downloader/imhentai_to.go:132.2,137.8 1 0
manga-visor/internal/modules/downloader/lectorhentai.go:16.61,18.2 1 1
manga-visor/internal/modules/downloader/lectorhentai.go:20.53,22.2 1 0
manga-visor/internal/modules/downloader/lectorhentai.go:24.75,26.41 2 0
manga-visor/internal/modules/downloader/lectorhentai.go:26.41,28.6 1 0
manga-visor/internal/modules/downloader/lectorhentai.go:30.5,36.19 6 0
manga-visor/internal/modules/downloader/lectorhentai.go:36.19,38.6 1 0
manga-visor/internal/modules/downloader/lectorhentai.go:39.5,41.41 2 0
manga-visor/internal/modules/downloader/lectorhentai.go:41.41,43.6 1 0
manga-visor/internal/modules/downloader/lectorhentai.go:45.5,51.25 5 0
manga-visor/internal/modules/downloader/lectorhentai.go:51.25,53.6 1 0
manga-visor/internal/modules/downloader/lectorhentai.go:54.5,58.25 3 0
manga-visor/internal/modules/downloader/lectorhentai.go:58.25,62.73 3 0
manga-visor/internal/modules/downloader/lectorhentai.go:62.73,64.62 2 0
manga-visor/internal/modules/downloader/lectorhentai.go:64.62,67.14 2 0
manga-visor/internal/modules/downloader/lectorhentai.go:67.19,69.14 1 0
manga-visor/internal/modules/downloader/lectorhentai.go:73.5,76.35 4 0
manga-visor/internal/modules/downloader/lectorhentai.go:76.35,77.28 1 0
manga-visor/internal/modules/downloader/lectorhentai.go:77.28,78.87 1 0
manga-visor/internal/modules/downloader/lectorhentai.go:78.87,80.14 1 0
manga-visor/internal/modules/downloader/lectorhentai.go:84.5,84.24 1 0
manga-visor/internal/modules/downloader/lectorhentai.go:84.24,87.28 2 0
manga-visor/internal/modules/downloader/lectorhentai.go:87.28,89.10 1 0
manga-visor/internal/modules/downloader/lectorhentai.go:92.5,95.37 3 0
manga-visor/internal/modules/downloader/lectorhentai.go:95.37,110.6 3 0
manga-visor/internal/modules/downloader/lectorhentai.go:112.5,119.11 1 0
manga-visor/internal/modules/downloader/lectorhentai.go:122.50,125.32 2 0
manga-visor/internal/modules/downloader/lectorhentai.go:125.32,126.46 1 0
manga-visor/internal/modules/downloader/lectorhentai.go:126.46,127.33 1 0
manga-visor/internal/modules/downloader/lectorhentai.go:127.33,129.37 1 0
manga-visor/internal/modules/downloader/lectorhentai.go:129.37,134.58 4 0
manga-visor/internal/modules/downloader/lectorhentai.go:134.58,135.84 1 0
manga-visor/internal/modules/downloader/lectorhentai.go:135.84,137.26 1 0
manga-visor/internal/modules/downloader/lectorhentai.go:140.21,141.32 2 0
manga-visor/internal/modules/downloader/lectorhentai.go:146.5,146.14 1 0
manga-visor/internal/modules/downloader/lectorhentai.go:149.71,153.30 3 0
manga-visor/internal/modules/downloader/lectorhentai.go:153.30,162.59 7 0
manga-visor/internal/modules/downloader/lectorhentai.go:162.59,164.10 1 0
manga-visor/internal/modules/downloader/lectorhentai.go:165.9,165.26 1 0
manga-visor/internal/modules/downloader/lectorhentai.go:167.5,167.15 1 0
manga-visor/internal/modules/downloader/lhentai.go:35.56,37.2 1 1
manga-visor/internal/modules/downloader/lhentai.go:39.48,41.2 1 1
manga-visor/internal/modules/downloader/lhentai.go:43.70,51.20 4 0
manga-visor/internal/modules/downloader/lhentai.go:51.20,53.3 1 0
manga-visor/internal/modules/downloader/lhentai.go:55.2,62.16 4 0
manga-visor/internal/modules/downloader/lhentai.go:62.16,64.3 1 0
manga-visor/internal/modules/downloader/lhentai.go:67.2,73.16 6 0
manga-visor/internal/modules/downloader/lhentai.go:73.16,75.3 1 0
manga-visor/internal/modules/downloader/lhentai.go:76.2,78.38 2 0
manga-visor/internal/modules/downloader/lhentai.go:78.38,80.3 1 0
manga-visor/internal/modules/downloader/lhentai.go:82.2,83.16 2 0
manga-visor/internal/modules/downloader/lhentai.go:83.16,85.3 1 0
manga-visor/internal/modules/downloader/lhentai.go:86.2,99.43 5 0
manga-visor/internal/modules/downloader/lhentai.go:99.43,102.3 2 0
manga-visor/internal/modules/downloader/lhentai.go:102.8,102.54 1 0
manga-visor/internal/modules/downloader/lhentai.go:102.54,106.3 2 0
manga-visor/internal/modules/downloader/lhentai.go:106.8,106.83 1 0
manga-visor/internal/modules/downloader/lhentai.go:106.83,109.3 1 0
manga-visor/internal/modules/downloader/lhentai.go:109.8,112.3 1 0
manga-visor/internal/modules/downloader/lhentai.go:114.2,114.33 1 0
manga-visor/internal/modules/downloader/lhentai.go:114.33,116.3 1 0
manga-visor/internal/modules/downloader/lhentai.go:119.2,120.41 2 0
manga-visor/internal/modules/downloader/lhentai.go:120.41,122.17 2 0
manga-visor/internal/modules/downloader/lhentai.go:123.12,124.15 1 0
manga-visor/internal/modules/downloader/lhentai.go:125.12,126.15 1 0
manga-visor/internal/modules/downloader/lhentai.go:127.12,128.16 1 0
manga-visor/internal/modules/downloader/lhentai.go:129.12,130.15 1 0
manga-visor/internal/modules/downloader/lhentai.go:138.3,148.4 2 0
manga-visor/internal/modules/downloader/lhentai.go:151.2,160.8 2 0
manga-visor/internal/modules/downloader/lhentai.go:163.96,169.44 3 0
manga-visor/internal/modules/downloader/lhentai.go:169.44,171.3 1 0
manga-visor/internal/modules/downloader/lhentai.go:174.2,178.75 3 0
manga-visor/internal/modules/downloader/lhentai.go:178.75,181.3 1 0
manga-visor/internal/modules/downloader/lhentai.go:183.2,183.62 1 0
manga-visor/internal/modules/downloader/lhentai.go:183.62,185.3 1 0
manga-visor/internal/modules/downloader/lhentai.go:187.2,187.13 1 0
manga-visor/internal/modules/downloader/lhentai.go:190.100,193.2 1 0
manga-visor/internal/modules/downloader/lhentai.go:195.99,203.45 5 0
manga-visor/internal/modules/downloader/lhentai.go:203.45,205.3 1 0
manga-visor/internal/modules/downloader/lhentai.go:207.2,209.68 3 0
manga-visor/internal/modules/downloader/lhentai.go:209.68,211.3 1 0
manga-visor/internal/modules/downloader/lhentai.go:213.2,215.66 3 0
manga-visor/internal/modules/downloader/lhentai.go:215.66,216.35 1 0
manga-visor/internal/modules/downloader/lhentai.go:216.35,217.22 1 0
manga-visor/internal/modules/downloader/lhentai.go:217.22,221.10 4 0
manga-visor/internal/modules/downloader/lhentai.go:226.2,227.32 2 0
manga-visor/internal/modules/downloader/lhentai.go:227.32,229.19 2 0
manga-visor/internal/modules/downloader/lhentai.go:230.12,231.15 1 0
manga-visor/internal/modules/downloader/lhentai.go:232.12,233.15 1 0
manga-visor/internal/modules/downloader/lhentai.go:237.3,247.4 2 0
manga-visor/internal/modules/downloader/lhentai.go:250.2,256.8 1 0
manga-visor/internal/modules/downloader/lhentai.go:259.96,265.66 3 0
manga-visor/internal/modules/downloader/lhentai.go:265.66,270.3 3 0
manga-visor/internal/modules/downloader/lhentai.go:278.2,285.32 5 0
manga-visor/internal/modules/downloader/lhentai.go:285.32,286.21 1 0
manga-visor/internal/modules/downloader/lhentai.go:286.21,290.38 2 0
manga-visor/internal/modules/downloader/lhentai.go:290.38,295.5 4 0
manga-visor/internal/modules/downloader/lhentai.go:298.4,300.25 2 0
manga-visor/internal/modules/downloader/lhentai.go:300.25,305.42 3 0
manga-visor/internal/modules/downloader/lhentai.go:305.42,307.6 1 0
manga-visor/internal/modules/downloader/lhentai.go:307.11,307.49 1 0
manga-visor/internal/modules/downloader/lhentai.go:307.49,309.6 1 0
manga-visor/internal/modules/downloader/lhentai.go:309.11,309.50 1 0
manga-visor/internal/modules/downloader/lhentai.go:309.50,311.6 1 0
manga-visor/internal/modules/downloader/lhentai.go:313.5,321.7 1 0
manga-visor/internal/modules/downloader/lhentai.go:326.2,326.22 1 0
manga-visor/internal/modules/downloader/lhentai.go:326.22,328.3 1 0
manga-visor/internal/modules/downloader/lhentai.go:330.2,339.8 2 0
manga-visor/internal/modules/downloader/lhentai.go:342.75,343.30 1 0
manga-visor/internal/modules/downloader/lhentai.go:343.30,345.3 1 0
manga-visor/internal/modules/downloader/lhentai.go:346.2,346.29 1 0
manga-visor/internal/modules/downloader/lhentai.go:346.29,348.3 1 0
manga-visor/internal/modules/downloader/lhentai.go:349.2,349.31 1 0
manga-visor/internal/modules/downloader/lhentai.go:349.31,351.3 1 0
manga-visor/internal/modules/downloader/lhentai.go:352.2,352.26 1 0
manga-visor/internal/modules/downloader/manga18.go:20.52,22.15 2 1
manga-visor/internal/modules/downloader/manga18.go:22.15,24.3 1 0
manga-visor/internal/modules/downloader/manga18.go:28.2,29.34 2 1
manga-visor/internal/modules/downloader/manga18.go:29.34,30.37 1 1
manga-visor/internal/modules/downloader/manga18.go:30.37,33.4 2 0
manga-visor/internal/modules/downloader/manga18.go:36.2,36.31 1 1
manga-visor/internal/modules/downloader/manga18.go:39.56,41.2 1 1
manga-visor/internal/modules/downloader/manga18.go:43.48,45.2 1 1
manga-visor/internal/modules/downloader/manga18.go:47.70,55.59 4 1
manga-visor/internal/modules/downloader/manga18.go:55.59,57.3 1 0
manga-visor/internal/modules/downloader/manga18.go:58.2,58.59 1 1
manga-visor/internal/modules/downloader/manga18.go:58.59,60.3 1 0
manga-visor/internal/modules/downloader/manga18.go:72.2,73.44 2 1
manga-visor/internal/modules/downloader/manga18.go:73.44,75.3 1 1
manga-visor/internal/modules/downloader/manga18.go:76.2,76.35 1 0
manga-visor/internal/modules/downloader/manga18.go:79.71,82.60 2 1
manga-visor/internal/modules/downloader/manga18.go:82.60,84.3 1 0
manga-visor/internal/modules/downloader/manga18.go:85.2,85.60 1 1
manga-visor/internal/modules/downloader/manga18.go:85.60,87.3 1 0
manga-visor/internal/modules/downloader/manga18.go:93.2,95.20 3 1
manga-visor/internal/modules/downloader/manga18.go:95.20,97.3 1 0
manga-visor/internal/modules/downloader/manga18.go:98.2,106.65 6 1
manga-visor/internal/modules/downloader/manga18.go:106.65,109.3 2 0
manga-visor/internal/modules/downloader/manga18.go:109.8,109.51 1 1
manga-visor/internal/modules/downloader/manga18.go:109.51,114.3 2 0
manga-visor/internal/modules/downloader/manga18.go:117.2,119.16 3 1
manga-visor/internal/modules/downloader/manga18.go:119.16,121.3 1 0
manga-visor/internal/modules/downloader/manga18.go:122.2,126.16 4 1
manga-visor/internal/modules/downloader/manga18.go:126.16,128.3 1 0
manga-visor/internal/modules/downloader/manga18.go:129.2,131.38 2 1
manga-visor/internal/modules/downloader/manga18.go:131.38,133.3 1 0
manga-visor/internal/modules/downloader/manga18.go:136.2,137.16 2 1
manga-visor/internal/modules/downloader/manga18.go:137.16,139.3 1 0
manga-visor/internal/modules/downloader/manga18.go:144.2,156.19 6 1
manga-visor/internal/modules/downloader/manga18.go:156.19,158.3 1 0
manga-visor/internal/modules/downloader/manga18.go:158.8,158.28 1 1
manga-visor/internal/modules/downloader/manga18.go:158.28,161.3 1 0
manga-visor/internal/modules/downloader/manga18.go:161.8,163.3 1 1
manga-visor/internal/modules/downloader/manga18.go:165.2,166.35 2 1
manga-visor/internal/modules/downloader/manga18.go:166.35,167.33 1 1
manga-visor/internal/modules/downloader/manga18.go:167.33,169.55 1 1
manga-visor/internal/modules/downloader/manga18.go:169.55,172.58 2 1
manga-visor/internal/modules/downloader/manga18.go:172.58,177.32 3 1
manga-visor/internal/modules/downloader/manga18.go:177.32,179.7 1 1
manga-visor/internal/modules/downloader/manga18.go:184.4,184.30 1 1
manga-visor/internal/modules/downloader/manga18.go:184.30,185.33 1 1
manga-visor/internal/modules/downloader/manga18.go:185.33,186.84 1 1
manga-visor/internal/modules/downloader/manga18.go:186.84,189.42 2 1
manga-visor/internal/modules/downloader/manga18.go:189.42,191.8 1 0
manga-visor/internal/modules/downloader/manga18.go:191.13,191.48 1 1
manga-visor/internal/modules/downloader/manga18.go:191.48,193.8 1 1
manga-visor/internal/modules/downloader/manga18.go:193.13,193.52 1 0
manga-visor/internal/modules/downloader/manga18.go:193.52,196.8 1 0
manga-visor/internal/modules/downloader/manga18.go:200.7,201.49 2 1
manga-visor/internal/modules/downloader/manga18.go:201.49,205.27 2 0
manga-visor/internal/modules/downloader/manga18.go:205.27,208.9 1 0
manga-visor/internal/modules/downloader/manga18.go:210.8,211.48 2 0
manga-visor/internal/modules/downloader/manga18.go:211.48,212.46 1 0
manga-visor/internal/modules/downloader/manga18.go:212.46,214.15 2 0
manga-visor/internal/modules/downloader/manga18.go:218.8,218.117 1 0
manga-visor/internal/modules/downloader/manga18.go:218.117,220.9 1 0
manga-visor/internal/modules/downloader/manga18.go:221.13,221.105 1 1
manga-visor/internal/modules/downloader/manga18.go:221.105,225.41 2 1
manga-visor/internal/modules/downloader/manga18.go:225.41,227.9 1 0
manga-visor/internal/modules/downloader/manga18.go:231.7,231.25 1 1
manga-visor/internal/modules/downloader/manga18.go:231.25,235.81 2 0
manga-visor/internal/modules/downloader/manga18.go:235.81,238.65 2 0
manga-visor/internal/modules/downloader/manga18.go:238.66,240.10 0 0
manga-visor/internal/modules/downloader/manga18.go:244.7,244.25 1 1
manga-visor/internal/modules/downloader/manga18.go:244.25,250.73 3 0
manga-visor/internal/modules/downloader/manga18.go:250.73,251.75 1 0
manga-visor/internal/modules/downloader/manga18.go:251.75,253.10 1 0
manga-visor/internal/modules/downloader/manga18.go:256.9,257.71 2 0
manga-visor/internal/modules/downloader/manga18.go:257.71,259.10 1 0
manga-visor/internal/modules/downloader/manga18.go:259.15,259.79 1 0
manga-visor/internal/modules/downloader/manga18.go:259.79,261.10 1 0
manga-visor/internal/modules/downloader/manga18.go:261.15,263.10 1 0
manga-visor/internal/modules/downloader/manga18.go:264.9,264.44 1 0
manga-visor/internal/modules/downloader/manga18.go:272.4,272.33 1 1
manga-visor/internal/modules/downloader/manga18.go:272.33,274.56 2 1
manga-visor/internal/modules/downloader/manga18.go:274.56,275.33 1 1
manga-visor/internal/modules/downloader/manga18.go:275.33,277.7 1 1
manga-visor/internal/modules/downloader/manga18.go:279.5,284.78 3 1
manga-visor/internal/modules/downloader/manga18.go:284.78,289.32 3 1
manga-visor/internal/modules/downloader/manga18.go:289.32,293.7 1 1
manga-visor/internal/modules/downloader/manga18.go:296.6,299.50 3 1
manga-visor/internal/modules/downloader/manga18.go:299.50,300.31 1 1
manga-visor/internal/modules/downloader/manga18.go:300.31,303.22 2 1
manga-visor/internal/modules/downloader/manga18.go:303.22,306.55 2 1
manga-visor/internal/modules/downloader/manga18.go:306.55,311.85 3 1
manga-visor/internal/modules/downloader/manga18.go:311.85,314.61 2 1
manga-visor/internal/modules/downloader/manga18.go:314.61,316.24 1 1
manga-visor/internal/modules/downloader/manga18.go:316.24,317.100 1 1
manga-visor/internal/modules/downloader/manga18.go:317.100,319.14 1 1
manga-visor/internal/modules/downloader/manga18.go:323.12,323.30 1 1
manga-visor/internal/modules/downloader/manga18.go:323.30,325.13 1 1
manga-visor/internal/modules/downloader/manga18.go:331.12,331.36 1 1
manga-visor/internal/modules/downloader/manga18.go:331.36,333.13 1 0
manga-visor/internal/modules/downloader/manga18.go:333.18,333.43 1 1
manga-visor/internal/modules/downloader/manga18.go:333.43,335.13 1 1
manga-visor/internal/modules/downloader/manga18.go:335.18,337.13 1 0
manga-visor/internal/modules/downloader/manga18.go:339.12,345.89 3 1
manga-visor/internal/modules/downloader/manga18.go:345.89,347.13 1 1
manga-visor/internal/modules/downloader/manga18.go:347.18,351.98 2 0
manga-visor/internal/modules/downloader/manga18.go:351.98,353.14 1 0
manga-visor/internal/modules/downloader/manga18.go:363.6,363.24 1 1
manga-visor/internal/modules/downloader/manga18.go:363.24,365.31 2 1
manga-visor/internal/modules/downloader/manga18.go:365.31,367.8 1 1
manga-visor/internal/modules/downloader/manga18.go:370.7,370.29 1 1
manga-visor/internal/modules/downloader/manga18.go:370.29,372.79 2 1
manga-visor/internal/modules/downloader/manga18.go:372.79,373.57 1 1
manga-visor/internal/modules/downloader/manga18.go:373.57,375.10 1 1
manga-visor/internal/modules/downloader/manga18.go:379.7,379.27 1 1
manga-visor/internal/modules/downloader/manga18.go:379.27,384.8 2 1
manga-visor/internal/modules/downloader/manga18.go:384.13,387.8 1 0
manga-visor/internal/modules/downloader/manga18.go:388.12,388.39 1 0
manga-visor/internal/modules/downloader/manga18.go:388.39,391.7 1 0
manga-visor/internal/modules/downloader/manga18.go:395.5,396.72 2 1
manga-visor/internal/modules/downloader/manga18.go:396.72,397.63 1 1
manga-visor/internal/modules/downloader/manga18.go:397.63,399.7 1 0
manga-visor/internal/modules/downloader/manga18.go:405.5,407.35 3 1
manga-visor/internal/modules/downloader/manga18.go:407.35,408.24 1 0
manga-visor/internal/modules/downloader/manga18.go:408.24,411.39 2 0
manga-visor/internal/modules/downloader/manga18.go:411.39,413.8 1 0
manga-visor/internal/modules/downloader/manga18.go:416.7,418.43 3 0
[...]
manga-visor/internal/modules/downloader/module.go:569.35,571.3 1 0
manga-visor/internal/modules/downloader/module.go:573.2,574.27 2 0
manga-visor/internal/modules/downloader/module.go:574.27,577.48 1 0
manga-visor/internal/modules/downloader/module.go:577.48,578.12 1 0
manga-visor/internal/modules/downloader/module.go:582.3,584.89 1 0
manga-visor/internal/modules/downloader/module.go:584.89,591.43 4 0
manga-visor/internal/modules/downloader/module.go:591.43,592.30 1 0
manga-visor/internal/modules/downloader/module.go:592.30,593.29 1 0
manga-visor/internal/modules/downloader/module.go:593.29,595.12 2 0
manga-visor/internal/modules/downloader/module.go:599.4,601.29 2 0
manga-visor/internal/modules/downloader/module.go:601.29,603.24 1 0
manga-visor/internal/modules/downloader/module.go:603.24,605.6 1 0
manga-visor/internal/modules/downloader/module.go:606.5,607.19 2 0
manga-visor/internal/modules/downloader/module.go:607.19,608.25 1 0
manga-visor/internal/modules/downloader/module.go:608.25,610.7 1 0
manga-visor/internal/modules/downloader/module.go:615.2,615.12 1 0
manga-visor/internal/modules/downloader/module.go:618.43,619.16 1 1
manga-visor/internal/modules/downloader/module.go:619.16,621.3 1 1
manga-visor/internal/modules/downloader/module.go:624.2,636.15 7 1
manga-visor/internal/modules/downloader/module.go:639.74,640.18 1 1
manga-visor/internal/modules/downloader/module.go:644.2,644.15 1 1
manga-visor/internal/modules/downloader/module.go:644.15,646.3 1 0
manga-visor/internal/modules/downloader/module.go:649.2,650.44 2 1
manga-visor/internal/modules/downloader/module.go:650.44,654.46 3 1
manga-visor/internal/modules/downloader/module.go:654.46,657.4 2 1
manga-visor/internal/modules/downloader/module.go:658.3,658.44 1 1
manga-visor/internal/modules/downloader/module.go:661.2,661.12 1 1
manga-visor/internal/modules/downloader/module.go:665.127,676.53 5 0
manga-visor/internal/modules/downloader/module.go:676.53,678.10 1 0
manga-visor/internal/modules/downloader/module.go:679.21,680.20 1 0
manga-visor/internal/modules/downloader/module.go:681.11,681.11 0 0
manga-visor/internal/modules/downloader/module.go:684.3,684.18 1 0
manga-visor/internal/modules/downloader/module.go:684.18,687.11 2 0
manga-visor/internal/modules/downloader/module.go:688.22,689.21 1 0
manga-visor/internal/modules/downloader/module.go:690.37,690.37 0 0
manga-visor/internal/modules/downloader/module.go:695.3,696.17 2 0
manga-visor/internal/modules/downloader/module.go:696.17,698.4 1 0
manga-visor/internal/modules/downloader/module.go:701.3,701.21 1 0
manga-visor/internal/modules/downloader/module.go:701.21,702.30 1 0
manga-visor/internal/modules/downloader/module.go:702.30,704.5 1 0
manga-visor/internal/modules/downloader/module.go:705.9,705.26 1 0
manga-visor/internal/modules/downloader/module.go:705.26,707.4 1 0
manga-visor/internal/modules/downloader/module.go:709.3,710.17 2 0
manga-visor/internal/modules/downloader/module.go:710.17,712.66 1 0
manga-visor/internal/modules/downloader/module.go:712.66,714.5 1 0
manga-visor/internal/modules/downloader/module.go:715.4,716.12 2 0
manga-visor/internal/modules/downloader/module.go:718.3,720.39 2 0
manga-visor/internal/modules/downloader/module.go:720.39,723.18 2 0
manga-visor/internal/modules/downloader/module.go:723.18,725.5 1 0
manga-visor/internal/modules/downloader/module.go:726.4,730.14 3 0
manga-visor/internal/modules/downloader/module.go:730.14,733.5 2 0
manga-visor/internal/modules/downloader/module.go:735.4,735.11 1 0
manga-visor/internal/modules/downloader/module.go:736.22,739.21 3 0
manga-visor/internal/modules/downloader/module.go:740.23,741.15 1 0
manga-visor/internal/modules/downloader/module.go:746.3,750.104 2 0
manga-visor/internal/modules/downloader/module.go:750.105,752.4 0 0
manga-visor/internal/modules/downloader/module.go:755.2,755.94 1 0
manga-visor/internal/modules/downloader/module.go:759.77,761.2 1 0
manga-visor/internal/modules/downloader/module.go:764.59,765.56 1 0
manga-visor/internal/modules/downloader/module.go:765.56,767.3 1 0
manga-visor/internal/modules/downloader/module.go:769.2,774.41 5 0
manga-visor/internal/modules/downloader/module.go:774.41,775.22 1 0
manga-visor/internal/modules/downloader/module.go:775.22,777.4 1 0
manga-visor/internal/modules/downloader/module.go:778.3,778.15 1 0
manga-visor/internal/modules/downloader/module.go:782.2,783.34 2 0
manga-visor/internal/modules/downloader/module.go:783.34,784.31 1 0
manga-visor/internal/modules/downloader/module.go:784.31,786.4 1 0
manga-visor/internal/modules/downloader/module.go:790.2,790.47 1 0
manga-visor/internal/modules/downloader/module.go:790.47,791.45 1 0
manga-visor/internal/modules/downloader/module.go:791.45,795.4 3 0
manga-visor/internal/modules/downloader/module.go:798.2,798.21 1 0
manga-visor/internal/modules/downloader/module.go:798.21,800.3 1 0
manga-visor/internal/modules/downloader/module.go:801.2,801.13 1 0
manga-visor/internal/modules/downloader/nhentai.go:28.56,30.2 1 1
manga-visor/internal/modules/downloader/nhentai.go:32.48,34.2 1 1
manga-visor/internal/modules/downloader/nhentai.go:36.70,42.16 3 1
manga-visor/internal/modules/downloader/nhentai.go:42.16,44.3 1 0
manga-visor/internal/modules/downloader/nhentai.go:47.2,50.16 3 1
manga-visor/internal/modules/downloader/nhentai.go:50.16,52.3 1 0
manga-visor/internal/modules/downloader/nhentai.go:53.2,55.38 2 1
manga-visor/internal/modules/downloader/nhentai.go:55.38,57.3 1 0
manga-visor/internal/modules/downloader/nhentai.go:59.2,60.16 2 1
manga-visor/internal/modules/downloader/nhentai.go:60.16,62.3 1 0
manga-visor/internal/modules/downloader/nhentai.go:63.2,77.27 8 1
manga-visor/internal/modules/downloader/nhentai.go:77.27,81.77 2 1
manga-visor/internal/modules/downloader/nhentai.go:81.77,83.4 1 0
manga-visor/internal/modules/downloader/nhentai.go:85.3,96.78 2 1
manga-visor/internal/modules/downloader/nhentai.go:96.78,98.4 1 0
manga-visor/internal/modules/downloader/nhentai.go:100.3,103.18 4 1
manga-visor/internal/modules/downloader/nhentai.go:103.18,105.4 1 0
manga-visor/internal/modules/downloader/nhentai.go:107.3,108.41 2 1
manga-visor/internal/modules/downloader/nhentai.go:108.41,114.25 5 1
manga-visor/internal/modules/downloader/nhentai.go:114.25,116.5 1 1
manga-visor/internal/modules/downloader/nhentai.go:119.4,129.5 2 1
manga-visor/internal/modules/downloader/nhentai.go:132.8,132.31 1 0
manga-visor/internal/modules/downloader/nhentai.go:132.31,136.76 3 0
manga-visor/internal/modules/downloader/nhentai.go:136.76,138.4 1 0
manga-visor/internal/modules/downloader/nhentai.go:140.3,141.67 2 0
manga-visor/internal/modules/downloader/nhentai.go:141.67,143.4 1 0
manga-visor/internal/modules/downloader/nhentai.go:145.3,148.18 4 0
manga-visor/internal/modules/downloader/nhentai.go:148.18,150.4 1 0
manga-visor/internal/modules/downloader/nhentai.go:152.3,153.45 2 0
manga-visor/internal/modules/downloader/nhentai.go:153.45,155.18 2 0
manga-visor/internal/modules/downloader/nhentai.go:156.13,157.16 1 0
manga-visor/internal/modules/downloader/nhentai.go:158.13,159.16 1 0
manga-visor/internal/modules/downloader/nhentai.go:160.13,161.17 1 0
manga-visor/internal/modules/downloader/nhentai.go:164.4,174.5 2 0
manga-visor/internal/modules/downloader/nhentai.go:176.8,178.3 1 0
manga-visor/internal/modules/downloader/nhentai.go:180.2,187.8 2 1
manga-visor/internal/modules/downloader/nhentai_website.go:19.63,21.2 1 1
manga-visor/internal/modules/downloader/nhentai_website.go:23.55,25.2 1 0
manga-visor/internal/modules/downloader/nhentai_website.go:27.77,31.20 3 0
manga-visor/internal/modules/downloader/nhentai_website.go:31.20,33.3 1 0
manga-visor/internal/modules/downloader/nhentai_website.go:35.2,42.16 5 0
manga-visor/internal/modules/downloader/nhentai_website.go:42.16,44.3 1 0
manga-visor/internal/modules/downloader/nhentai_website.go:47.2,49.18 2 0
manga-visor/internal/modules/downloader/nhentaicom.go:15.59,17.2 1 1
manga-visor/internal/modules/downloader/nhentaicom.go:19.51,21.2 1 0
manga-visor/internal/modules/downloader/nhentaicom.go:36.73,38.16 2 0
manga-visor/internal/modules/downloader/nhentaicom.go:38.16,40.3 1 0
manga-visor/internal/modules/downloader/nhentaicom.go:42.2,45.16 4 0
manga-visor/internal/modules/downloader/nhentaicom.go:45.16,47.3 1 0
manga-visor/internal/modules/downloader/nhentaicom.go:49.2,52.16 3 0
manga-visor/internal/modules/downloader/nhentaicom.go:52.16,54.3 1 0
manga-visor/internal/modules/downloader/nhentaicom.go:55.2,57.38 2 0
manga-visor/internal/modules/downloader/nhentaicom.go:57.38,59.3 1 0
manga-visor/internal/modules/downloader/nhentaicom.go:61.2,62.16 2 0
manga-visor/internal/modules/downloader/nhentaicom.go:62.16,64.3 1 0
manga-visor/internal/modules/downloader/nhentaicom.go:66.2,67.60 2 0
manga-visor/internal/modules/downloader/nhentaicom.go:67.60,69.3 1 0
manga-visor/internal/modules/downloader/nhentaicom.go:71.2,71.30 1 0
manga-visor/internal/modules/downloader/nhentaicom.go:71.30,73.3 1 0
manga-visor/internal/modules/downloader/nhentaicom.go:75.2,76.37 2 0
manga-visor/internal/modules/downloader/nhentaicom.go:76.37,77.26 1 0
manga-visor/internal/modules/downloader/nhentaicom.go:77.26,78.12 1 0
manga-visor/internal/modules/downloader/nhentaicom.go:81.3,82.16 2 0
manga-visor/internal/modules/downloader/nhentaicom.go:82.16,84.4 1 0
manga-visor/internal/modules/downloader/nhentaicom.go:86.3,94.5 1 0
manga-visor/internal/modules/downloader/nhentaicom.go:97.2,103.8 1 0
manga-visor/internal/modules/downloader/nhentaicom.go:106.63,109.20 3 0
manga-visor/internal/modules/downloader/nhentaicom.go:109.20,111.3 1 0
manga-visor/internal/modules/downloader/nhentaicom.go:112.2,112.11 1 0
manga-visor/internal/modules/downloader/nhentaixxx.go:15.59,17.2 1 1
manga-visor/internal/modules/downloader/nhentaixxx.go:19.51,21.2 1 0
manga-visor/internal/modules/downloader/nhentaixxx.go:23.73,26.34 1 0
manga-visor/internal/modules/downloader/nhentaixxx.go:26.34,29.21 3 0
manga-visor/internal/modules/downloader/nhentaixxx.go:29.21,31.4 1 0
manga-visor/internal/modules/downloader/nhentaixxx.go:34.2,36.16 3 0
manga-visor/internal/modules/downloader/nhentaixxx.go:36.16,38.3 1 0
manga-visor/internal/modules/downloader/nhentaixxx.go:40.2,43.16 3 0
manga-visor/internal/modules/downloader/nhentaixxx.go:43.16,45.3 1 0
manga-visor/internal/modules/downloader/nhentaixxx.go:46.2,48.38 2 0
manga-visor/internal/modules/downloader/nhentaixxx.go:48.38,50.3 1 0
manga-visor/internal/modules/downloader/nhentaixxx.go:52.2,53.16 2 0
manga-visor/internal/modules/downloader/nhentaixxx.go:53.16,55.3 1 0
manga-visor/internal/modules/downloader/nhentaixxx.go:56.2,64.47 6 0
manga-visor/internal/modules/downloader/nhentaixxx.go:64.47,66.3 1 0
manga-visor/internal/modules/downloader/nhentaixxx.go:68.2,69.20 2 0
manga-visor/internal/modules/downloader/nhentaixxx.go:69.20,71.3 1 0
manga-visor/internal/modules/downloader/nhentaixxx.go:75.2,78.25 4 0
manga-visor/internal/modules/downloader/nhentaixxx.go:78.25,80.3 1 0
manga-visor/internal/modules/downloader/nhentaixxx.go:83.2,86.22 4 0
manga-visor/internal/modules/downloader/nhentaixxx.go:86.22,89.3 2 0
manga-visor/internal/modules/downloader/nhentaixxx.go:92.2,94.23 3 0
manga-visor/internal/modules/downloader/nhentaixxx.go:94.23,96.3 1 0
manga-visor/internal/modules/downloader/nhentaixxx.go:98.2,99.69 2 0
manga-visor/internal/modules/downloader/nhentaixxx.go:99.69,101.3 1 0
manga-visor/internal/modules/downloader/nhentaixxx.go:104.2,105.9 2 0
manga-visor/internal/modules/downloader/nhentaixxx.go:105.9,108.3 1 0
manga-visor/internal/modules/downloader/nhentaixxx.go:110.2,110.21 1 0
manga-visor/internal/modules/downloader/nhentaixxx.go:110.21,112.3 1 0
manga-visor/internal/modules/downloader/nhentaixxx.go:114.2,115.35 2 0
manga-visor/internal/modules/downloader/nhentaixxx.go:115.35,118.10 3 0
manga-visor/internal/modules/downloader/nhentaixxx.go:118.10,119.12 1 0
manga-visor/internal/modules/downloader/nhentaixxx.go:122.3,123.10 2 0
manga-visor/internal/modules/downloader/nhentaixxx.go:123.10,124.12 1 0
manga-visor/internal/modules/downloader/nhentaixxx.go:128.3,131.23 4 0
manga-visor/internal/modules/downloader/nhentaixxx.go:131.23,133.4 1 0
manga-visor/internal/modules/downloader/nhentaixxx.go:133.9,133.30 1 0
manga-visor/internal/modules/downloader/nhentaixxx.go:133.30,135.4 1 0
manga-visor/internal/modules/downloader/nhentaixxx.go:135.9,135.30 1 0
manga-visor/internal/modules/downloader/nhentaixxx.go:135.30,137.4 1 0
manga-visor/internal/modules/downloader/nhentaixxx.go:139.3,148.5 2 0
manga-visor/internal/modules/downloader/nhentaixxx.go:151.2,156.8 1 0
manga-visor/internal/modules/downloader/nhentaixxx.go:159.69,162.20 3 0
manga-visor/internal/modules/downloader/nhentaixxx.go:162.20,164.3 1 0
manga-visor/internal/modules/downloader/nhentaixxx.go:165.2,165.11 1 0
manga-visor/internal/modules/downloader/submanhwa.go:15.58,17.2 1 1
manga-visor/internal/modules/downloader/submanhwa.go:19.50,21.2 1 0
manga-visor/internal/modules/downloader/submanhwa.go:23.78,40.16 8 0
manga-visor/internal/modules/downloader/submanhwa.go:40.16,42.3 1 0
manga-visor/internal/modules/downloader/submanhwa.go:43.2,45.38 2 0
manga-visor/internal/modules/downloader/submanhwa.go:45.38,47.3 1 0
manga-visor/internal/modules/downloader/submanhwa.go:49.2,52.16 3 0
manga-visor/internal/modules/downloader/submanhwa.go:52.16,54.3 1 0
manga-visor/internal/modules/downloader/submanhwa.go:56.2,61.66 4 0
manga-visor/internal/modules/downloader/submanhwa.go:61.66,64.62 3 0
manga-visor/internal/modules/downloader/submanhwa.go:64.62,67.81 3 0
manga-visor/internal/modules/downloader/submanhwa.go:67.81,69.5 1 0
manga-visor/internal/modules/downloader/submanhwa.go:69.10,71.5 1 0
manga-visor/internal/modules/downloader/submanhwa.go:72.9,74.4 1 0
manga-visor/internal/modules/downloader/submanhwa.go:77.2,82.32 4 0
manga-visor/internal/modules/downloader/submanhwa.go:82.32,85.63 3 0
manga-visor/internal/modules/downloader/submanhwa.go:85.63,87.51 2 0
manga-visor/internal/modules/downloader/submanhwa.go:87.51,89.5 1 0
manga-visor/internal/modules/downloader/submanhwa.go:92.3,107.5 1 0
manga-visor/internal/modules/downloader/submanhwa.go:110.2,117.8 1 0
manga-visor/internal/modules/downloader/submanhwa.go:120.89,123.66 3 0
manga-visor/internal/modules/downloader/submanhwa.go:123.66,126.52 2 0
manga-visor/internal/modules/downloader/submanhwa.go:126.52,128.4 1 0
manga-visor/internal/modules/downloader/submanhwa.go:128.9,130.4 1 0
manga-visor/internal/modules/downloader/submanhwa.go:133.2,142.32 8 0
manga-visor/internal/modules/downloader/submanhwa.go:142.32,144.16 2 0
manga-visor/internal/modules/downloader/submanhwa.go:144.16,145.12 1 0
manga-visor/internal/modules/downloader/submanhwa.go:147.3,156.5 4 0
manga-visor/internal/modules/downloader/submanhwa.go:159.2,164.8 1 0
manga-visor/internal/modules/downloader/test_helpers.go:6.66,6.67 0 0
manga-visor/internal/modules/downloader/test_helpers.go:7.67,7.68 0 0
manga-visor/internal/modules/downloader/test_helpers.go:8.66,8.67 0 0
manga-visor/internal/modules/downloader/test_helpers.go:9.66,9.67 0 0
manga-visor/internal/modules/downloader/zonatmo.go:15.52,17.15 2 0
manga-visor/internal/modules/downloader/zonatmo.go:17.15,19.3 1 0
manga-visor/internal/modules/downloader/zonatmo.go:22.2,32.31 6 0
manga-visor/internal/modules/downloader/zonatmo.go:35.56,41.2 1 1
manga-visor/internal/modules/downloader/zonatmo.go:43.48,45.2 1 1
manga-visor/internal/modules/downloader/zonatmo.go:47.76,49.2 1 1
manga-visor/internal/modules/downloader/zonatmo.go:51.98,55.15 2 1
manga-visor/internal/modules/downloader/zonatmo.go:55.15,58.3 1 1
manga-visor/internal/modules/downloader/zonatmo.go:61.2,62.50 2 1
manga-visor/internal/modules/downloader/zonatmo.go:62.50,64.3 1 0
manga-visor/internal/modules/downloader/zonatmo.go:64.8,64.55 1 1
manga-visor/internal/modules/downloader/zonatmo.go:64.55,66.3 1 0
manga-visor/internal/modules/downloader/zonatmo.go:66.8,66.57 1 1
manga-visor/internal/modules/downloader/zonatmo.go:66.57,68.3 1 0
manga-visor/internal/modules/downloader/zonatmo.go:68.8,68.61 1 1
manga-visor/internal/modules/downloader/zonatmo.go:68.61,70.3 1 0
manga-visor/internal/modules/downloader/zonatmo.go:72.2,73.32 2 1
manga-visor/internal/modules/downloader/zonatmo.go:73.32,74.12 1 1
manga-visor/internal/modules/downloader/zonatmo.go:74.12,76.4 1 1
manga-visor/internal/modules/downloader/zonatmo.go:78.3,86.17 6 1
manga-visor/internal/modules/downloader/zonatmo.go:86.17,88.12 2 1
manga-visor/internal/modules/downloader/zonatmo.go:90.3,92.39 2 0
manga-visor/internal/modules/downloader/zonatmo.go:92.39,94.79 2 0
manga-visor/internal/modules/downloader/zonatmo.go:94.79,95.13 1 0
manga-visor/internal/modules/downloader/zonatmo.go:97.4,97.23 1 0
manga-visor/internal/modules/downloader/zonatmo.go:101.3,102.47 2 0
manga-visor/internal/modules/downloader/zonatmo.go:102.47,105.4 2 0
manga-visor/internal/modules/downloader/zonatmo.go:107.3,112.70 4 0
manga-visor/internal/modules/downloader/zonatmo.go:112.70,115.43 2 0
manga-visor/internal/modules/downloader/zonatmo.go:115.43,117.24 2 0
manga-visor/internal/modules/downloader/zonatmo.go:117.24,120.6 2 0
manga-visor/internal/modules/downloader/zonatmo.go:122.4,122.53 1 0
manga-visor/internal/modules/downloader/zonatmo.go:125.3,125.15 1 0
manga-visor/internal/modules/downloader/zonatmo.go:125.15,127.4 1 0
manga-visor/internal/modules/downloader/zonatmo.go:129.3,134.68 4 0
manga-visor/internal/modules/downloader/zonatmo.go:134.68,136.4 1 0
manga-visor/internal/modules/downloader/zonatmo.go:139.3,140.69 2 0
manga-visor/internal/modules/downloader/zonatmo.go:140.69,144.64 3 0
manga-visor/internal/modules/downloader/zonatmo.go:144.64,146.5 1 0
manga-visor/internal/modules/downloader/zonatmo.go:146.10,148.5 1 0
manga-visor/internal/modules/downloader/zonatmo.go:151.3,156.31 5 0
manga-visor/internal/modules/downloader/zonatmo.go:156.31,157.43 1 0
manga-visor/internal/modules/downloader/zonatmo.go:157.43,159.26 2 0
manga-visor/internal/modules/downloader/zonatmo.go:159.26,162.58 3 0
manga-visor/internal/modules/downloader/zonatmo.go:162.58,164.54 2 0
manga-visor/internal/modules/downloader/zonatmo.go:164.54,166.8 1 0
manga-visor/internal/modules/downloader/zonatmo.go:169.6,176.8 1 0
manga-visor/internal/modules/downloader/zonatmo.go:181.3,181.23 1 0
manga-visor/internal/modules/downloader/zonatmo.go:181.23,184.12 2 0
manga-visor/internal/modules/downloader/zonatmo.go:187.3,192.9 1 0
manga-visor/internal/modules/downloader/zonatmo.go:195.2,195.61 1 1
manga-visor/internal/modules/downloader/zonatmo.go:198.85,204.68 3 0
manga-visor/internal/modules/downloader/zonatmo.go:204.68,206.3 1 0
manga-visor/internal/modules/downloader/zonatmo.go:206.8,209.67 2 0
manga-visor/internal/modules/downloader/zonatmo.go:209.67,212.53 2 0
manga-visor/internal/modules/downloader/zonatmo.go:212.53,214.5 1 0
manga-visor/internal/modules/downloader/zonatmo.go:214.10,216.5 1 0
manga-visor/internal/modules/downloader/zonatmo.go:221.2,229.31 4 0
manga-visor/internal/modules/downloader/zonatmo.go:229.31,230.13 1 0
manga-visor/internal/modules/downloader/zonatmo.go:230.13,231.12 1 0
manga-visor/internal/modules/downloader/zonatmo.go:235.3,237.22 3 0
manga-visor/internal/modules/downloader/zonatmo.go:237.22,238.12 1 0
manga-visor/internal/modules/downloader/zonatmo.go:240.3,253.38 6 0
manga-visor/internal/modules/downloader/zonatmo.go:253.38,265.29 8 0
manga-visor/internal/modules/downloader/zonatmo.go:265.29,270.5 3 0
manga-visor/internal/modules/downloader/zonatmo.go:273.4,273.42 1 0
manga-visor/internal/modules/downloader/zonatmo.go:273.42,275.24 2 0
manga-visor/internal/modules/downloader/zonatmo.go:275.24,278.6 2 0
manga-visor/internal/modules/downloader/zonatmo.go:281.4,282.55 2 0
manga-visor/internal/modules/downloader/zonatmo.go:282.55,284.5 1 0
manga-visor/internal/modules/downloader/zonatmo.go:286.4,292.6 1 0
manga-visor/internal/modules/downloader/zonatmo.go:296.2,301.8 1 0
